Script started on 2026-03-19 11:32:17+00:00 [TERM="xterm" TTY="/dev/pts/11" COLUMNS="80" LINES="24"]
make[1]: Entering directory '/home/ubuntu/IVSI-LineFollower-DigitalTwin/lineFollower'
python3 .//src/visualizer/visualizer.py --domain="AF_UNIX" --server-url="localhost"
+=+ XLVIP-INFO: XlTlmMessageLayer::connectToServer():
+=+    Connecting clientId=':remoteSession2' to 'server@localhost' ...
+=+    Successfully connected 'client :remoteSession2' to 'server@localhost'
+=+    Negotiated socket connection configuration
+=+        Use socket manager thread=FALSE
+=+        Use TCP_NODELAY=TRUE
+=+        Use UDP=FALSE
+=+ XLVIP-INFO: XlTlmMessageLayer::connect():
+=+    Successfully connected this remote client conduit into the TLM fabric server:
+=+        clientId=:remoteSession2
+=+        conduitId=:timeServerConduit2
           localClientConduitHandle=0x5f2eedc8a808
           remoteServerProxyConduitHandle=0x3397aae0
+=+ XLVIP-INFO: XlTlmMessageLayer::connect():
+=+    Successfully connected this remote client conduit into the TLM fabric server:
+=+        clientId=:remoteSession2
+=+        conduitId=:resetServerConduit2
           localClientConduitHandle=0x5f2eedef0f88
           remoteServerProxyConduitHandle=0x33977110
+=+ XLVIP-INFO: XlTlmMessageLayer::connect():
+=+    Successfully connected this remote client conduit into the TLM fabric server:
+=+        clientId=:remoteSession2
+=+        conduitId=:txConfigPort2
           localClientConduitHandle=0x5f2eeddcf680
           remoteServerProxyConduitHandle=0x33989830
+=+ XLVIP-INFO: XlTlmMessageLayer::connect():
+=+    Successfully connected this remote client conduit into the TLM fabric server:
+=+        clientId=:remoteSession2
+=+        conduitId=:rxConfigPort2
           localClientConduitHandle=0x5f2eedbd4bf0
           remoteServerProxyConduitHandle=0x33985c30
+=+ INFO: ... successfully connected to TLM FabricServer !
+=+ XLVIP-INFO: XlTlmMessageLayer::connect():
+=+    Successfully connected this remote client conduit into the TLM fabric server:
+=+        clientId=:remoteSession2
+=+        conduitId=:txCanFrameConduit2
           localClientConduitHandle=0x5f2eedd9f2d0
           remoteServerProxyConduitHandle=0x3397fb20
+=+ XLVIP-INFO: XlTlmMessageLayer::connect():
+=+    Successfully connected this remote client conduit into the TLM fabric server:
+=+        clientId=:remoteSession2
+=+        conduitId=:rxCanFrameConduit2
           localClientConduitHandle=0x5f2eedb7bd60
           remoteServerProxyConduitHandle=0x3397e9b0

+=visualizer+=
  VSI time: 100 ns
  Inputs:
	x = 0.0
	y = 0.0
	theta = 0.0




+=visualizer+=
  VSI time: 100000100 ns
  Inputs:
	x = -0.22716116025052357
	y = 0.028012490330689865
	theta = 0.22748400422236253




+=visualizer+=
  VSI time: 200000100 ns
  Inputs:
	x = -0.22716116025052357
	y = 0.028012490330689865
	theta = 0.22748400422236253




+=visualizer+=
  VSI time: 300000100 ns
  Inputs:
	x = -0.1979340531569228
	y = 0.03477830225086561
	theta = 0.22748400422236253




+=visualizer+=
  VSI time: 400000100 ns
  Inputs:
	x = -0.16870694606332204
	y = 0.041544114171041355
	theta = 0.22748400422236253




+=visualizer+=
  VSI time: 500000100 ns
  Inputs:
	x = -0.1402985630245748
	y = 0.048120398850223914
	theta = 0.24183918505940927




+=visualizer+=
  VSI time: 600000100 ns
  Inputs:
	x = -0.11198750752411622
	y = 0.05510379941927241
	theta = 0.256194365896456




+=visualizer+=
  VSI time: 700000100 ns
  Inputs:
	x = -0.08397596310040498
	y = 0.062441442925439794
	theta = 0.2701706612659729




+=visualizer+=
  VSI time: 800000100 ns
  Inputs:
	x = -0.056265315745775854
	y = 0.07011568163423317
	theta = 0.28376807116795993




+=visualizer+=
  VSI time: 900000100 ns
  Inputs:
	x = -0.028850975047287803
	y = 0.07811075647089184
	theta = 0.29800207178650606




+=visualizer+=
  VSI time: 1000000100 ns
  Inputs:
	x = -0.0017534777426412192
	y = 0.08643371187803994
	theta = 0.3128498646317787




+=visualizer+=
  VSI time: 1100000100 ns
  Inputs:
	x = 0.025008015422931185
	y = 0.0950903236111824
	theta = 0.3282650901165722




+=visualizer+=
  VSI time: 1200000100 ns
  Inputs:
	x = 0.05141495691313065
	y = 0.10408419942317204
	theta = 0.3442023769268123




+=visualizer+=
  VSI time: 1300000100 ns
  Inputs:
	x = 0.07744942923108471
	y = 0.11341683306683815
	theta = 0.3606883195894978




+=visualizer+=
  VSI time: 1400000100 ns
  Inputs:
	x = 0.1030928912020907
	y = 0.12308926216480585
	theta = 0.37774752224855207




+=visualizer+=
  VSI time: 1500000100 ns
  Inputs:
	x = 0.1283262369656683
	y = 0.13310193572163587
	theta = 0.3954010204344859




+=visualizer+=
  VSI time: 1600000100 ns
  Inputs:
	x = 0.1531299035248889
	y = 0.14345455542729005
	theta = 0.4136664716516651




+=visualizer+=
  VSI time: 1700000100 ns
  Inputs:
	x = 0.17748398419255998
	y = 0.1541459302468762
	theta = 0.432563311371187




+=visualizer+=
  VSI time: 1800000100 ns
  Inputs:
	x = 0.20136824924416102
	y = 0.16517394370635596
	theta = 0.4521126392473565




+=visualizer+=
  VSI time: 1900000100 ns
  Inputs:
	x = 0.22476217406670557
	y = 0.1765355153345134
	theta = 0.4723370022773589




+=visualizer+=
  VSI time: 2000000100 ns
  Inputs:
	x = 0.24764497726692666
	y = 0.18822655491431067
	theta = 0.49326020018904726




+=visualizer+=
  VSI time: 2100000100 ns
  Inputs:
	x = 0.2699956688315158
	y = 0.20024191105429806
	theta = 0.5149074598912052




+=visualizer+=
  VSI time: 2200000100 ns
  Inputs:
	x = 0.29179310149532833
	y = 0.21257532173856042
	theta = 0.5373056037909643




+=visualizer+=
  VSI time: 2300000100 ns
  Inputs:
	x = 0.3130160256762118
	y = 0.22521936662013725
	theta = 0.5604832050916466




+=visualizer+=
  VSI time: 2400000100 ns
  Inputs:
	x = 0.33364314849527776
	y = 0.2381654207579364
	theta = 0.5844707320296785




+=visualizer+=
  VSI time: 2500000100 ns
  Inputs:
	x = 0.3536531973831504
	y = 0.2514036096165236
	theta = 0.6093007072030221




+=visualizer+=
  VSI time: 2600000100 ns
  Inputs:
	x = 0.37302498826949504
	y = 0.2649227656329823
	theta = 0.6350078814510303




+=visualizer+=
  VSI time: 2700000100 ns
  Inputs:
	x = 0.3917374983709139
	y = 0.2787103866235212
	theta = 0.6616294212767179




+=visualizer+=
  VSI time: 2800000100 ns
  Inputs:
	x = 0.40976994362267644
	y = 0.2927525962700912
	theta = 0.6892051089563509




+=visualizer+=
  VSI time: 2900000100 ns
  Inputs:
	x = 0.42710186082971074
	y = 0.30703410690637056
	theta = 0.7177775563220371




+=visualizer+=
  VSI time: 3000000100 ns
  Inputs:
	x = 0.4437131946080132
	y = 0.3215381848343888
	theta = 0.7473924331481622




+=visualizer+=
  VSI time: 3100000100 ns
  Inputs:
	x = 0.459584389185962
	y = 0.3362466184150662
	theta = 0.7780987109866152




+=visualizer+=
  VSI time: 3200000100 ns
  Inputs:
	x = 0.47469648513615714
	y = 0.35113968918863475
	theta = 0.8099489232224346




+=visualizer+=
  VSI time: 3300000100 ns
  Inputs:
	x = 0.48903122111147784
	y = 0.36619614629546415
	theta = 0.8429994421782204




+=visualizer+=
  VSI time: 3400000100 ns
  Inputs:
	x = 0.5025711406607043
	y = 0.38139318448632586
	theta = 0.877310774147866




+=visualizer+=
  VSI time: 3500000100 ns
  Inputs:
	x = 0.5152997041984404
	y = 0.39670642603325856
	theta = 0.9129478732856853




+=visualizer+=
  VSI time: 3600000100 ns
  Inputs:
	x = 0.527201406200294
	y = 0.41210990687723253
	theta = 0.9499804753166922




+=visualizer+=
  VSI time: 3700000100 ns
  Inputs:
	x = 0.538261897686397
	y = 0.42757606737554277
	theta = 0.9884834520766216




+=visualizer+=
  VSI time: 3800000100 ns
  Inputs:
	x = 0.5484681140434058
	y = 0.443075748038508
	theta = 1.028537187935738




+=visualizer+=
  VSI time: 3900000100 ns
  Inputs:
	x = 0.5578084082165126
	y = 0.45857819066895933
	theta = 1.0702279792078735




+=visualizer+=
  VSI time: 4000000100 ns
  Inputs:
	x = 0.5662726892787786
	y = 0.4740510453354929
	theta = 1.1136484576949168




+=visualizer+=
  VSI time: 4100000100 ns
  Inputs:
	x = 0.5738525663564202
	y = 0.4894603836167095
	theta = 1.15889803956725




+=visualizer+=
  VSI time: 4200000100 ns
  Inputs:
	x = 0.580541497858344
	y = 0.5047707185426069
	theta = 1.2060834008325951




+=visualizer+=
  VSI time: 4300000100 ns
  Inputs:
	x = 0.5863349459314555
	y = 0.5199450316236504
	theta = 1.2553189806996845




+=visualizer+=
  VSI time: 4400000100 ns
  Inputs:
	x = 0.5912305360486797
	y = 0.5349448072894913
	theta = 1.3067275141995411




+=visualizer+=
  VSI time: 4500000100 ns
  Inputs:
	x = 0.5952282216475157
	y = 0.5497300749488871
	theta = 1.360440595486713




+=visualizer+=
  VSI time: 4600000100 ns
  Inputs:
	x = 0.5983304537927927
	y = 0.5642594587213785
	theta = 1.4165992733066086




+=visualizer+=
  VSI time: 4700000100 ns
  Inputs:
	x = 0.6005423559656381
	y = 0.5784902346726153
	theta = 1.4753546801846622




+=visualizer+=
  VSI time: 4800000100 ns
  Inputs:
	x = 0.6018719043192612
	y = 0.5923783951057211
	theta = 1.5368686969704186




+=visualizer+=
  VSI time: 4900000100 ns
  Inputs:
	x = 0.6023301141412639
	y = 0.6058787191249438
	theta = 1.6013146544573509




+=visualizer+=
  VSI time: 5000000100 ns
  Inputs:
	x = 0.6019312338869615
	y = 0.6189448483117052
	theta = 1.6688780739004163




+=visualizer+=
  VSI time: 5100000100 ns
  Inputs:
	x = 0.6006929490806538
	y = 0.6315293659734267
	theta = 1.7397574483716762




+=visualizer+=
  VSI time: 5200000100 ns
  Inputs:
	x = 0.5986365997218902
	y = 0.643583878108459
	theta = 1.814165067033685




+=visualizer+=
  VSI time: 5300000100 ns
  Inputs:
	x = 0.5957874166985142
	y = 0.6550590940861232
	theta = 1.8923278845747027




+=visualizer+=
  VSI time: 5400000100 ns
  Inputs:
	x = 0.5921747852273872
	y = 0.6659049052415505
	theta = 1.9744884382422763




+=visualizer+=
  VSI time: 5500000100 ns
  Inputs:
	x = 0.5878325466493833
	y = 0.676070460389089
	theta = 2.060905815133782




+=visualizer+=
  VSI time: 5600000100 ns
  Inputs:
	x = 0.5827993541127515
	y = 0.6855042390402435
	theta = 2.151856672652066




+=visualizer+=
  VSI time: 5700000100 ns
  Inputs:
	x = 0.5771191028524114
	y = 0.6941541263999045
	theta = 2.247636315303472




+=visualizer+=
  VSI time: 5800000100 ns
  Inputs:
	x = 0.5708414618693348
	y = 0.701967499729977
	theta = 2.3476363153034723




+=visualizer+=
  VSI time: 5900000100 ns
  Inputs:
	x = 0.5640289377838202
	y = 0.7088976388017104
	theta = 2.4476363153034724




+=visualizer+=
  VSI time: 6000000100 ns
  Inputs:
	x = 0.5567761469721181
	y = 0.7149320278128017
	theta = 2.5476363153034725




+=visualizer+=
  VSI time: 6100000100 ns
  Inputs:
	x = 0.5491722096528553
	y = 0.7200669733629618
	theta = 2.6476363153034725




+=visualizer+=
  VSI time: 6200000100 ns
  Inputs:
	x = 0.5413000030078464
	y = 0.7243060058744861
	theta = 2.7476363153034726




+=visualizer+=
  VSI time: 6300000100 ns
  Inputs:
	x = 0.533235905735626
	y = 0.7276581486831778
	theta = 2.8476363153034727




+=visualizer+=
  VSI time: 6400000100 ns
  Inputs:
	x = 0.5250507058177114
	y = 0.730136026039707
	theta = 2.947636315303473




+=visualizer+=
  VSI time: 6500000100 ns
  Inputs:
	x = 0.5168101827045587
	y = 0.7317546761821253
	theta = 3.047636315303473




+=visualizer+=
  VSI time: 6600000100 ns
  Inputs:
	x = 0.508575842577432
	y = 0.7325306292915219
	theta = 3.147636315303473




+=visualizer+=
  VSI time: 6700000100 ns
  Inputs:
	x = 0.5004057362502248
	y = 0.7324812513315234
	theta = 3.247636315303473




+=visualizer+=
  VSI time: 6800000100 ns
  Inputs:
	x = 0.4923552947410099
	y = 0.7316243385563892
	theta = 3.347636315303473




+=visualizer+=
  VSI time: 6900000100 ns
  Inputs:
	x = 0.4844781528105726
	y = 0.7299779384279614
	theta = 3.4476363153034733




+=visualizer+=
  VSI time: 7000000100 ns
  Inputs:
	x = 0.47682692643684493
	y = 0.7275603750227031
	theta = 3.5476363153034733




+=visualizer+=
  VSI time: 7100000100 ns
  Inputs:
	x = 0.469453917048067
	y = 0.7243904561983127
	theta = 3.6476363153034734




+=visualizer+=
  VSI time: 7200000100 ns
  Inputs:
	x = 0.46241172036941586
	y = 0.7204878401489221
	theta = 3.7476363153034735




+=visualizer+=
  VSI time: 7300000100 ns
  Inputs:
	x = 0.4557537211497233
	y = 0.7158735396870292
	theta = 3.8476363153034736




+=visualizer+=
  VSI time: 7400000100 ns
  Inputs:
	x = 0.4495344573298162
	y = 0.7105705431878423
	theta = 3.9476363153034737




+=visualizer+=
  VSI time: 7500000100 ns
  Inputs:
	x = 0.4438098385705872
	y = 0.7046045312340661
	theta = 4.047636315303474




+=visualizer+=
  VSI time: 7600000100 ns
  Inputs:
	x = 0.43863720486081115
	y = 0.6980046673522393
	theta = 3.9476363153034737




+=visualizer+=
  VSI time: 7700000100 ns
  Inputs:
	x = 0.4327356833014877
	y = 0.6918542930392547
	theta = 3.8476363153034736




+=visualizer+=
  VSI time: 7800000100 ns
  Inputs:
	x = 0.4261285748483131
	y = 0.6862205920078268
	theta = 3.7476363153034735




+=visualizer+=
  VSI time: 7900000100 ns
  Inputs:
	x = 0.4188449373962689
	y = 0.6811726954025189
	theta = 3.6476363153034734




+=visualizer+=
  VSI time: 8000000100 ns
  Inputs:
	x = 0.4109205581246893
	y = 0.6767811949747506
	theta = 3.5476363153034733




+=visualizer+=
  VSI time: 8100000100 ns
  Inputs:
	x = 0.40242784050455443
	y = 0.6731298737794633
	theta = 3.4476363153034733




+=visualizer+=
  VSI time: 8200000100 ns
  Inputs:
	x = 0.39345186962757855
	y = 0.670293729917173
	theta = 3.347636315303473




+=visualizer+=
  VSI time: 8300000100 ns
  Inputs:
	x = 0.3840893655814007
	y = 0.668336874499287
	theta = 3.4476363153034733




+=visualizer+=
  VSI time: 8400000100 ns
  Inputs:
	x = 0.3748433713991759
	y = 0.6654154111823823
	theta = 3.5476363153034733




+=visualizer+=
  VSI time: 8500000100 ns
  Inputs:
	x = 0.36583459529832146
	y = 0.6615422181019175
	theta = 3.6476363153034734




+=visualizer+=
  VSI time: 8600000100 ns
  Inputs:
	x = 0.35718307903332813
	y = 0.6567477558385043
	theta = 3.7476363153034735




+=visualizer+=
  VSI time: 8700000100 ns
  Inputs:
	x = 0.34900518120554114
	y = 0.6510800955581516
	theta = 3.8476363153034736




+=visualizer+=
  VSI time: 8800000100 ns
  Inputs:
	x = 0.34136726939992434
	y = 0.6445674566447427
	theta = 3.9476363153034737




+=visualizer+=
  VSI time: 8900000100 ns
  Inputs:
	x = 0.3343372451825666
	y = 0.6372409934722428
	theta = 4.047636315303474




+=visualizer+=
  VSI time: 9000000100 ns
  Inputs:
	x = 0.3279850416503409
	y = 0.6291360935286968
	theta = 3.9476363153034737




+=visualizer+=
  VSI time: 9100000100 ns
  Inputs:
	x = 0.3207377112317926
	y = 0.6215831608831265
	theta = 3.8476363153034736




+=visualizer+=
  VSI time: 9200000100 ns
  Inputs:
	x = 0.3126238813970499
	y = 0.6146647196568655
	theta = 3.7476363153034735




+=visualizer+=
  VSI time: 9300000100 ns
  Inputs:
	x = 0.3036792449168418
	y = 0.6084656741358005
	theta = 3.6476363153034734




+=visualizer+=
  VSI time: 9400000100 ns
  Inputs:
	x = 0.2939477493097688
	y = 0.6030727132922231
	theta = 3.5476363153034733




+=visualizer+=
  VSI time: 9500000100 ns
  Inputs:
	x = 0.28351830867591626
	y = 0.5985887260287007
	theta = 3.4476363153034733




+=visualizer+=
  VSI time: 9600000100 ns
  Inputs:
	x = 0.2724954111685133
	y = 0.5951058133122092
	theta = 3.347636315303473




+=visualizer+=
  VSI time: 9700000100 ns
  Inputs:
	x = 0.2609978334602644
	y = 0.5927027065023236
	theta = 3.247636315303473




+=visualizer+=
  VSI time: 9800000100 ns
  Inputs:
	x = 0.24915690538765523
	y = 0.5914423231403365
	theta = 3.347636315303473




+=visualizer+=
  VSI time: 9900000100 ns
  Inputs:
	x = 0.237369286753541
	y = 0.5889785949246401
	theta = 3.4476363153034733




+=visualizer+=
  VSI time: 10000000100 ns
  Inputs:
	x = 0.22578688735001765
	y = 0.5853188959985708
	theta = 3.5476363153034733




+=visualizer+=
  VSI time: 10100000100 ns
  Inputs:
	x = 0.21456148059281235
	y = 0.5804926946044339
	theta = 3.6476363153034734




+=visualizer+=
  VSI time: 10200000100 ns
  Inputs:
	x = 0.2038408977368924
	y = 0.5745516053929993
	theta = 3.7476363153034735




+=visualizer+=
  VSI time: 10300000100 ns
  Inputs:
	x = 0.1937062436336809
	y = 0.567527822787069
	theta = 3.8476363153034736




+=visualizer+=
  VSI time: 10400000100 ns
  Inputs:
	x = 0.18423988503356856
	y = 0.5594561172009901
	theta = 3.9476363153034737




+=visualizer+=
  VSI time: 10500000100 ns
  Inputs:
	x = 0.17552640088866153
	y = 0.5503752067065144
	theta = 3.8476363153034736




+=visualizer+=
  VSI time: 10600000100 ns
  Inputs:
	x = 0.16581424610193632
	y = 0.5420939174213247
	theta = 3.7476363153034735




+=visualizer+=
  VSI time: 10700000100 ns
  Inputs:
	x = 0.15515067512681344
	y = 0.53470357103462
	theta = 3.6476363153034734




+=visualizer+=
  VSI time: 10800000100 ns
  Inputs:
	x = 0.14359077192411887
	y = 0.52829735067088
	theta = 3.5476363153034733




+=visualizer+=
  VSI time: 10900000100 ns
  Inputs:
	x = 0.13119878878693528
	y = 0.5229695966227331
	theta = 3.4476363153034733




+=visualizer+=
  VSI time: 11000000100 ns
  Inputs:
	x = 0.11809993157410367
	y = 0.5188307414508114
	theta = 3.347636315303473




+=visualizer+=
  VSI time: 11100000100 ns
  Inputs:
	x = 0.10443629726160233
	y = 0.5159749075093194
	theta = 3.247636315303473




+=visualizer+=
  VSI time: 11200000100 ns
  Inputs:
	x = 0.09036470951894017
	y = 0.514477086142714
	theta = 3.347636315303473




+=visualizer+=
  VSI time: 11300000100 ns
  Inputs:
	x = 0.07635650188625932
	y = 0.5115492329887201
	theta = 3.4476363153034733




+=visualizer+=
  VSI time: 11400000100 ns
  Inputs:
	x = 0.06259217847424837
	y = 0.5072001099914866
	theta = 3.5476363153034733




+=visualizer+=
  VSI time: 11500000100 ns
  Inputs:
	x = 0.04925209831500519
	y = 0.5014647353315784
	theta = 3.6476363153034734




+=visualizer+=
  VSI time: 11600000100 ns
  Inputs:
	x = 0.03651194209896466
	y = 0.4944044471304278
	theta = 3.7476363153034735




+=visualizer+=
  VSI time: 11700000100 ns
  Inputs:
	x = 0.024468093508646017
	y = 0.4860575047113143
	theta = 3.8476363153034736




+=visualizer+=
  VSI time: 11800000100 ns
  Inputs:
	x = 0.013218435803238641
	y = 0.47646522865480245
	theta = 3.7476363153034735




+=visualizer+=
  VSI time: 11900000100 ns
  Inputs:
	x = 0.0009259313173930039
	y = 0.46794595623447943
	theta = 3.6476363153034734




+=visualizer+=
  VSI time: 12000000100 ns
  Inputs:
	x = -0.012340932391509301
	y = 0.4605937794069847
	theta = 3.5476363153034733




+=visualizer+=
  VSI time: 12100000100 ns
  Inputs:
	x = -0.026505557719326445
	y = 0.4545039034690229
	theta = 3.4476363153034733




+=visualizer+=
  VSI time: 12200000100 ns
  Inputs:
	x = -0.04148178860314514
	y = 0.4497718532113358
	theta = 3.347636315303473




+=visualizer+=
  VSI time: 12300000100 ns
  Inputs:
	x = -0.05710578963978442
	y = 0.44650628334596576
	theta = 3.247636315303473




+=visualizer+=
  VSI time: 12400000100 ns
  Inputs:
	x = -0.07319707505615364
	y = 0.44479347939281183
	theta = 3.147636315303473




+=visualizer+=
  VSI time: 12500000100 ns
  Inputs:
	x = -0.08956165908238899
	y = 0.4446945761786947
	theta = 3.247636315303473




+=visualizer+=
  VSI time: 12600000100 ns
  Inputs:
	x = -0.10597577856429351
	y = 0.4429474088139578
	theta = 3.347636315303473




+=visualizer+=
  VSI time: 12700000100 ns
  Inputs:
	x = -0.12222936502624904
	y = 0.4395502494032615
	theta = 3.4476363153034733




+=visualizer+=
  VSI time: 12800000100 ns
  Inputs:
	x = -0.1381115976799659
	y = 0.43453192912596994
	theta = 3.5476363153034733




+=visualizer+=
  VSI time: 12900000100 ns
  Inputs:
	x = -0.15341621510903308
	y = 0.42795193006041404
	theta = 3.6476363153034734




+=visualizer+=
  VSI time: 13000000100 ns
  Inputs:
	x = -0.16803331520813655
	y = 0.4198514846957958
	theta = 3.7476363153034735




+=visualizer+=
  VSI time: 13100000100 ns
  Inputs:
	x = -0.18185246013439088
	y = 0.410274180056351
	theta = 3.8476363153034736




+=visualizer+=
  VSI time: 13200000100 ns
  Inputs:
	x = -0.19476099028962282
	y = 0.39926742874219545
	theta = 3.7476363153034735




+=visualizer+=
  VSI time: 13300000100 ns
  Inputs:
	x = -0.208866117778505
	y = 0.3894919250000947
	theta = 3.6476363153034734




+=visualizer+=
  VSI time: 13400000100 ns
  Inputs:
	x = -0.22408925658931733
	y = 0.3810556275553951
	theta = 3.5476363153034733




+=visualizer+=
  VSI time: 13500000100 ns
  Inputs:
	x = -0.24034252492617564
	y = 0.374067769742913
	theta = 3.4476363153034733




+=visualizer+=
  VSI time: 13600000100 ns
  Inputs:
	x = -0.2575270753686808
	y = 0.36863795519340875
	theta = 3.347636315303473




+=visualizer+=
  VSI time: 13700000100 ns
  Inputs:
	x = -0.275454913543103
	y = 0.36489086070997057
	theta = 3.247636315303473




+=visualizer+=
  VSI time: 13800000100 ns
  Inputs:
	x = -0.29391893967708455
	y = 0.3629254952257906
	theta = 3.147636315303473




+=visualizer+=
  VSI time: 13900000100 ns
  Inputs:
	x = -0.3126965636452687
	y = 0.3628120082370007
	theta = 3.047636315303473




+=visualizer+=
  VSI time: 14000000100 ns
  Inputs:
	x = -0.3315538834675091
	y = 0.3645890050242416
	theta = 3.147636315303473




+=visualizer+=
  VSI time: 14100000100 ns
  Inputs:
	x = -0.3506068096787812
	y = 0.3644738541815675
	theta = 3.247636315303473




+=visualizer+=
  VSI time: 14200000100 ns
  Inputs:
	x = -0.36961168447711723
	y = 0.3624509191678941
	theta = 3.347636315303473




+=visualizer+=
  VSI time: 14300000100 ns
  Inputs:
	x = -0.3883229901433262
	y = 0.3585400722739385
	theta = 3.4476363153034733




+=visualizer+=
  VSI time: 14400000100 ns
  Inputs:
	x = -0.40649955125773485
	y = 0.3527968114112714
	theta = 3.5476363153034733




+=visualizer+=
  VSI time: 14500000100 ns
  Inputs:
	x = -0.4240151095625473
	y = 0.34526625027098024
	theta = 3.6476363153034734




+=visualizer+=
  VSI time: 14600000100 ns
  Inputs:
	x = -0.4407444433455077
	y = 0.3359952557935158
	theta = 3.7476363153034735




+=visualizer+=
  VSI time: 14700000100 ns
  Inputs:
	x = -0.4565610757843529
	y = 0.3250336002030057
	theta = 3.6476363153034734




+=visualizer+=
  VSI time: 14800000100 ns
  Inputs:
	x = -0.4735437340499185
	y = 0.3156222193891989
	theta = 3.5476363153034733




+=visualizer+=
  VSI time: 14900000100 ns
  Inputs:
	x = -0.4915886677524314
	y = 0.3078640609477441
	theta = 3.4476363153034733




+=visualizer+=
  VSI time: 15000000100 ns
  Inputs:
	x = -0.5105831813959777
	y = 0.30186235104630954
	theta = 3.347636315303473




+=visualizer+=
  VSI time: 15100000100 ns
  Inputs:
	x = -0.5304038666321799
	y = 0.29771963291242437
	theta = 3.247636315303473




+=visualizer+=
  VSI time: 15200000100 ns
  Inputs:
	x = -0.5508198681167803
	y = 0.2955464934058162
	theta = 3.147636315303473




+=visualizer+=
  VSI time: 15300000100 ns
  Inputs:
	x = -0.571583567076732
	y = 0.295421003105494
	theta = 3.047636315303473




+=visualizer+=
  VSI time: 15400000100 ns
  Inputs:
	x = -0.592435319307577
	y = 0.29738594282502157
	theta = 3.147636315303473




+=visualizer+=
  VSI time: 15500000100 ns
  Inputs:
	x = -0.6135033455505978
	y = 0.29725861325115654
	theta = 3.247636315303473




+=visualizer+=
  VSI time: 15600000100 ns
  Inputs:
	x = -0.6345182356360458
	y = 0.29502172627276546
	theta = 3.347636315303473




+=visualizer+=
  VSI time: 15700000100 ns
  Inputs:
	x = -0.655208507812091
	y = 0.2906972559168079
	theta = 3.4476363153034733




+=visualizer+=
  VSI time: 15800000100 ns
  Inputs:
	x = -0.675307479109512
	y = 0.28434656974983846
	theta = 3.5476363153034733




+=visualizer+=
  VSI time: 15900000100 ns
  Inputs:
	x = -0.6946755378649118
	y = 0.2760195528150591
	theta = 3.6476363153034734




+=visualizer+=
  VSI time: 16000000100 ns
  Inputs:
	x = -0.7131742185241722
	y = 0.2657680288477949
	theta = 3.7476363153034735




+=visualizer+=
  VSI time: 16100000100 ns
  Inputs:
	x = -0.7306636676793175
	y = 0.25364703413873163
	theta = 3.6476363153034734




+=visualizer+=
  VSI time: 16200000100 ns
  Inputs:
	x = -0.7494424652143239
	y = 0.24324027613514673
	theta = 3.5476363153034733




+=visualizer+=
  VSI time: 16300000100 ns
  Inputs:
	x = -0.7693958877723864
	y = 0.23466159049369217
	theta = 3.4476363153034733




+=visualizer+=
  VSI time: 16400000100 ns
  Inputs:
	x = -0.7903993208280419
	y = 0.22802512090569224
	theta = 3.347636315303473




+=visualizer+=
  VSI time: 16500000100 ns
  Inputs:
	x = -0.8123163039784497
	y = 0.22344425589243766
	theta = 3.247636315303473




+=visualizer+=
  VSI time: 16600000100 ns
  Inputs:
	x = -0.83489156589318
	y = 0.22104127832722087
	theta = 3.147636315303473




+=visualizer+=
  VSI time: 16700000100 ns
  Inputs:
	x = -0.8578512988601419
	y = 0.22090251577865483
	theta = 3.047636315303473




+=visualizer+=
  VSI time: 16800000100 ns
  Inputs:
	x = -0.8809083978884437
	y = 0.2230752736934919
	theta = 2.947636315303473




+=visualizer+=
  VSI time: 16900000100 ns
  Inputs:
	x = -0.903768242740788
	y = 0.22756553367065882
	theta = 3.047636315303473




+=visualizer+=
  VSI time: 17000000100 ns
  Inputs:
	x = -0.9270339329477546
	y = 0.22975794792360904
	theta = 3.147636315303473




+=visualizer+=
  VSI time: 17100000100 ns
  Inputs:
	x = -0.9504064306177626
	y = 0.2296166907344374
	theta = 3.247636315303473




+=visualizer+=
  VSI time: 17200000100 ns
  Inputs:
	x = -0.9735832443821429
	y = 0.227149682213368
	theta = 3.347636315303473




+=visualizer+=
  VSI time: 17300000100 ns
  Inputs:
	x = -0.9962661222666013
	y = 0.22240873766877597
	theta = 3.4476363153034733




+=visualizer+=
  VSI time: 17400000100 ns
  Inputs:
	x = -1.0182996593680298
	y = 0.21544678537734682
	theta = 3.5476363153034733




+=visualizer+=
  VSI time: 17500000100 ns
  Inputs:
	x = -1.039531978225845
	y = 0.20631825675573823
	theta = 3.6476363153034734




+=visualizer+=
  VSI time: 17600000100 ns
  Inputs:
	x = -1.05981162620784
	y = 0.19507976352670733
	theta = 3.5476363153034733




+=visualizer+=
  VSI time: 17700000100 ns
  Inputs:
	x = -1.081242601443541
	y = 0.18586582546661307
	theta = 3.4476363153034733




+=visualizer+=
  VSI time: 17800000100 ns
  Inputs:
	x = -1.1036855235299592
	y = 0.17877451951211998
	theta = 3.347636315303473




+=visualizer+=
  VSI time: 17900000100 ns
  Inputs:
	x = -1.1269923370473376
	y = 0.17390316628437336
	theta = 3.247636315303473




+=visualizer+=
  VSI time: 18000000100 ns
  Inputs:
	x = -1.1510042982892077
	y = 0.17134726219878577
	theta = 3.147636315303473




+=visualizer+=
  VSI time: 18100000100 ns
  Inputs:
	x = -1.1754278774724636
	y = 0.1711996525511714
	theta = 3.047636315303473




+=visualizer+=
  VSI time: 18200000100 ns
  Inputs:
	x = -1.1999559777266955
	y = 0.17351102849217262
	theta = 2.947636315303473




+=visualizer+=
  VSI time: 18300000100 ns
  Inputs:
	x = -1.2242741874560623
	y = 0.17828774874418815
	theta = 3.047636315303473




+=visualizer+=
  VSI time: 18400000100 ns
  Inputs:
	x = -1.2490241226585805
	y = 0.18062002903395782
	theta = 3.147636315303473




+=visualizer+=
  VSI time: 18500000100 ns
  Inputs:
	x = -1.2738876789939084
	y = 0.18046976028089914
	theta = 3.247636315303473




+=visualizer+=
  VSI time: 18600000100 ns
  Inputs:
	x = -1.298543067504988
	y = 0.1778453678961016
	theta = 3.347636315303473




+=visualizer+=
  VSI time: 18700000100 ns
  Inputs:
	x = -1.322673009220266
	y = 0.1728019727802308
	theta = 3.4476363153034733




+=visualizer+=
  VSI time: 18800000100 ns
  Inputs:
	x = -1.346112185180315
	y = 0.16539587978512588
	theta = 3.5476363153034733




+=visualizer+=
  VSI time: 18900000100 ns
  Inputs:
	x = -1.3686990288386056
	y = 0.15568499280253845
	theta = 3.6476363153034734




+=visualizer+=
  VSI time: 19000000100 ns
  Inputs:
	x = -1.390272425578072
	y = 0.14372953512403497
	theta = 3.5476363153034733




+=visualizer+=
  VSI time: 19100000100 ns
  Inputs:
	x = -1.4130705989824643
	y = 0.13392778997146593
	theta = 3.4476363153034733




+=visualizer+=
  VSI time: 19200000100 ns
  Inputs:
	x = -1.4369452768167716
	y = 0.1263840911413352
	theta = 3.347636315303473




+=visualizer+=
  VSI time: 19300000100 ns
  Inputs:
	x = -1.4617389584028415
	y = 0.12120196786515386
	theta = 3.247636315303473




+=visualizer+=
  VSI time: 19400000100 ns
  Inputs:
	x = -1.4872827729120224
	y = 0.11848300879272025
	theta = 3.147636315303473




+=visualizer+=
  VSI time: 19500000100 ns
  Inputs:
	x = -1.5132644647040083
	y = 0.11832598232493417
	theta = 3.047636315303473




+=visualizer+=
  VSI time: 19600000100 ns
  Inputs:
	x = -1.5393573455330922
	y = 0.12078481347592601
	theta = 2.947636315303473




+=visualizer+=
  VSI time: 19700000100 ns
  Inputs:
	x = -1.565226945782119
	y = 0.125866266625491
	theta = 2.8476363153034727




+=visualizer+=
  VSI time: 19800000100 ns
  Inputs:
	x = -1.5905380768387218
	y = 0.13352861808205463
	theta = 2.947636315303473




+=visualizer+=
  VSI time: 19900000100 ns
  Inputs:
	x = -1.6164923388570367
	y = 0.13862670097502713
	theta = 3.047636315303473




+=visualizer+=
  VSI time: 20000000100 ns
  Inputs:
	x = -1.6427524571223564
	y = 0.14110129154409637
	theta = 3.147636315303473




+=visualizer+=
  VSI time: 20100000100 ns
  Inputs:
	x = -1.6689759901979255
	y = 0.14094280345160817
	theta = 3.247636315303473




+=visualizer+=
  VSI time: 20200000100 ns
  Inputs:
	x = -1.6948241131510298
	y = 0.13819145288948043
	theta = 3.347636315303473




+=visualizer+=
  VSI time: 20300000100 ns
  Inputs:
	x = -1.7201187189802651
	y = 0.13290463152031523
	theta = 3.4476363153034733




+=visualizer+=
  VSI time: 20400000100 ns
  Inputs:
	x = -1.7446883675837348
	y = 0.1251413422850411
	theta = 3.5476363153034733




+=visualizer+=
  VSI time: 20500000100 ns
  Inputs:
	x = -1.7683646026408066
	y = 0.11496208721555254
	theta = 3.6476363153034734




+=visualizer+=
  VSI time: 20600000100 ns
  Inputs:
	x = -1.7909785209650286
	y = 0.10242999749711826
	theta = 3.5476363153034733




+=visualizer+=
  VSI time: 20700000100 ns
  Inputs:
	x = -1.8148762938298728
	y = 0.0921554954490702
	theta = 3.4476363153034733




+=visualizer+=
  VSI time: 20800000100 ns
  Inputs:
	x = -1.8399024925959677
	y = 0.08424794973621783
	theta = 3.347636315303473




+=visualizer+=
  VSI time: 20900000100 ns
  Inputs:
	x = -1.8658920202179086
	y = 0.0788158828784146
	theta = 3.247636315303473




+=visualizer+=
  VSI time: 21000000100 ns
  Inputs:
	x = -1.8926678610222039
	y = 0.07596578328774031
	theta = 3.147636315303473




+=visualizer+=
  VSI time: 21100000100 ns
  Inputs:
	x = -1.919902698763405
	y = 0.07580118313754736
	theta = 3.047636315303473




+=visualizer+=
  VSI time: 21200000100 ns
  Inputs:
	x = -1.9472540884006875
	y = 0.07837860834803251
	theta = 2.947636315303473




+=visualizer+=
  VSI time: 21300000100 ns
  Inputs:
	x = -1.9743714282151574
	y = 0.08370514955785448
	theta = 2.8476363153034727




+=visualizer+=
  VSI time: 21400000100 ns
  Inputs:
	x = -2.0009033628157122
	y = 0.0917370706631335
	theta = 2.947636315303473




+=visualizer+=
  VSI time: 21500000100 ns
  Inputs:
	x = -2.028109447796097
	y = 0.09708104370021617
	theta = 3.047636315303473




+=visualizer+=
  VSI time: 21600000100 ns
  Inputs:
	x = -2.055636141046597
	y = 0.09967498843523692
	theta = 3.147636315303473




+=visualizer+=
  VSI time: 21700000100 ns
  Inputs:
	x = -2.0831244845347077
	y = 0.09950885616341311
	theta = 3.247636315303473




+=visualizer+=
  VSI time: 21800000100 ns
  Inputs:
	x = -2.110219311162772
	y = 0.09662480277937713
	theta = 3.347636315303473




+=visualizer+=
  VSI time: 21900000100 ns
  Inputs:
	x = -2.1367339234931055
	y = 0.09108298805375994
	theta = 3.4476363153034733




+=visualizer+=
  VSI time: 22000000100 ns
  Inputs:
	x = -2.162488612544657
	y = 0.08294526075050875
	theta = 3.5476363153034733




+=visualizer+=
  VSI time: 22100000100 ns
  Inputs:
	x = -2.1873067970310323
	y = 0.07227504102851871
	theta = 3.4476363153034733




+=visualizer+=
  VSI time: 22200000100 ns
  Inputs:
	x = -2.2131487396655753
	y = 0.06410974414897802
	theta = 3.347636315303473




+=visualizer+=
  VSI time: 22300000100 ns
  Inputs:
	x = -2.239839487538409
	y = 0.0585311153628356
	theta = 3.247636315303473




+=visualizer+=
  VSI time: 22400000100 ns
  Inputs:
	x = -2.2671965868604644
	y = 0.05561914489850127
	theta = 3.147636315303473




+=visualizer+=
  VSI time: 22500000100 ns
  Inputs:
	x = -2.2950278273420586
	y = 0.05545094024801435
	theta = 3.047636315303473




+=visualizer+=
  VSI time: 22600000100 ns
  Inputs:
	x = -2.3229806984692853
	y = 0.05808504534118122
	theta = 2.947636315303473




+=visualizer+=
  VSI time: 22700000100 ns
  Inputs:
	x = -2.3506951707392045
	y = 0.06352887868413397
	theta = 2.8476363153034727




+=visualizer+=
  VSI time: 22800000100 ns
  Inputs:
	x = -2.377811321453536
	y = 0.07173765751972677
	theta = 2.947636315303473




+=visualizer+=
  VSI time: 22900000100 ns
  Inputs:
	x = -2.405616466319437
	y = 0.07719930128665191
	theta = 3.047636315303473




+=visualizer+=
  VSI time: 23000000100 ns
  Inputs:
	x = -2.4337492812256505
	y = 0.07985036316477855
	theta = 3.147636315303473




+=visualizer+=
  VSI time: 23100000100 ns
  Inputs:
	x = -2.461842901785676
	y = 0.07968057275855012
	theta = 3.247636315303473




+=visualizer+=
  VSI time: 23200000100 ns
  Inputs:
	x = -2.489534340489694
	y = 0.07673301422276574
	theta = 3.347636315303473




+=visualizer+=
  VSI time: 23300000100 ns
  Inputs:
	x = -2.51663278893164
	y = 0.07106917200829181
	theta = 3.4476363153034733




+=visualizer+=
  VSI time: 23400000100 ns
  Inputs:
	x = -2.5429545810324745
	y = 0.06275225675372541
	theta = 3.5476363153034733




+=visualizer+=
  VSI time: 23500000100 ns
  Inputs:
	x = -2.5683192472904457
	y = 0.05184708509235443
	theta = 3.4476363153034733




+=visualizer+=
  VSI time: 23600000100 ns
  Inputs:
	x = -2.594730214246622
	y = 0.04350199319571619
	theta = 3.347636315303473




+=visualizer+=
  VSI time: 23700000100 ns
  Inputs:
	x = -2.6220086766313657
	y = 0.037800526296914036
	theta = 3.247636315303473




+=visualizer+=
  VSI time: 23800000100 ns
  Inputs:
	x = -2.649968163130879
	y = 0.03482443596196769
	theta = 3.147636315303473




+=visualizer+=
  VSI time: 23900000100 ns
  Inputs:
	x = -2.678412231098366
	y = 0.03465252754437267
	theta = 3.047636315303473




+=visualizer+=
  VSI time: 24000000100 ns
  Inputs:
	x = -2.706980607946501
	y = 0.03734463407670971
	theta = 2.947636315303473




+=visualizer+=
  VSI time: 24100000100 ns
  Inputs:
	x = -2.735305336535223
	y = 0.042908337416236605
	theta = 2.8476363153034727




+=visualizer+=
  VSI time: 24200000100 ns
  Inputs:
	x = -2.763018568880909
	y = 0.0512978687159316
	theta = 2.947636315303473




+=visualizer+=
  VSI time: 24300000100 ns
  Inputs:
	x = -2.7914359666226503
	y = 0.05687977465445279
	theta = 3.047636315303473




+=visualizer+=
  VSI time: 24400000100 ns
  Inputs:
	x = -2.8201882495055597
	y = 0.05958921135014438
	theta = 3.147636315303473




+=visualizer+=
  VSI time: 24500000100 ns
  Inputs:
	x = -2.8489004750059155
	y = 0.05941568225940253
	theta = 3.247636315303473




+=visualizer+=
  VSI time: 24600000100 ns
  Inputs:
	x = -2.877201662843213
	y = 0.05640322022468133
	theta = 3.347636315303473




+=visualizer+=
  VSI time: 24700000100 ns
  Inputs:
	x = -2.9048968031229254
	y = 0.05061466354815938
	theta = 3.4476363153034733




+=visualizer+=
  VSI time: 24800000100 ns
  Inputs:
	x = -2.931798185547376
	y = 0.04211461472938075
	theta = 3.5476363153034733




+=visualizer+=
  VSI time: 24900000100 ns
  Inputs:
	x = -2.9577213667829194
	y = 0.03096931762563539
	theta = 3.4476363153034733




+=visualizer+=
  VSI time: 25000000100 ns
  Inputs:
	x = -2.9847138876403836
	y = 0.022440471731759913
	theta = 3.347636315303473




+=visualizer+=
  VSI time: 25100000100 ns
  Inputs:
	x = -3.012593005663647
	y = 0.016613461897571666
	theta = 3.247636315303473




+=visualizer+=
  VSI time: 25200000100 ns
  Inputs:
	x = -3.041168143550661
	y = 0.013571839810314018
	theta = 3.147636315303473




+=visualizer+=
  VSI time: 25300000100 ns
  Inputs:
	x = -3.0702385331035127
	y = 0.013396146070845607
	theta = 3.047636315303473




+=visualizer+=
  VSI time: 25400000100 ns
  Inputs:
	x = -3.099435968745181
	y = 0.016147531199803576
	theta = 2.947636315303473




+=visualizer+=
  VSI time: 25500000100 ns
  Inputs:
	x = -3.1283843911365965
	y = 0.02183374400246677
	theta = 2.8476363153034727




+=visualizer+=
  VSI time: 25600000100 ns
  Inputs:
	x = -3.156707852498686
	y = 0.03040800782882056
	theta = 2.947636315303473




+=visualizer+=
  VSI time: 25700000100 ns
  Inputs:
	x = -3.1857509845631644
	y = 0.03611282404096243
	theta = 3.047636315303473




+=visualizer+=
  VSI time: 25800000100 ns
  Inputs:
	x = -3.2151363757419285
	y = 0.03888192093324157
	theta = 3.147636315303473




+=visualizer+=
  VSI time: 25900000100 ns
  Inputs:
	x = -3.2444808274982218
	y = 0.03870457083436036
	theta = 3.247636315303473




+=visualizer+=
  VSI time: 26000000100 ns
  Inputs:
	x = -3.273405190784763
	y = 0.035625776163969995
	theta = 3.347636315303473




+=visualizer+=
  VSI time: 26100000100 ns
  Inputs:
	x = -3.3017101617042663
	y = 0.02970975888656794
	theta = 3.4476363153034733




+=visualizer+=
  VSI time: 26200000100 ns
  Inputs:
	x = -3.329203896689111
	y = 0.02102254401060168
	theta = 3.5476363153034733




+=visualizer+=
  VSI time: 26300000100 ns
  Inputs:
	x = -3.355697891072327
	y = 0.009631834043993204
	theta = 3.4476363153034733




+=visualizer+=
  VSI time: 26400000100 ns
  Inputs:
	x = -3.3832847713046794
	y = 0.0009151879983361373
	theta = 3.347636315303473




+=visualizer+=
  VSI time: 26500000100 ns
  Inputs:
	x = -3.4117777710490405
	y = -0.005040129152564118
	theta = 3.247636315303473




+=visualizer+=
  VSI time: 26600000100 ns
  Inputs:
	x = -3.4409821166036725
	y = -0.008148725962633841
	theta = 3.147636315303473




+=visualizer+=
  VSI time: 26700000100 ns
  Inputs:
	x = -3.470692618973464
	y = -0.008328288374528722
	theta = 3.047636315303473




+=visualizer+=
  VSI time: 26800000100 ns
  Inputs:
	x = -3.5005329649119497
	y = -0.005516319369245942
	theta = 2.947636315303473




+=visualizer+=
  VSI time: 26900000100 ns
  Inputs:
	x = -3.5298220770645097
	y = 0.00023681364258660437
	theta = 2.8476363153034727




+=visualizer+=
  VSI time: 27000000100 ns
  Inputs:
	x = -3.5583012531169596
	y = 0.008858216440400237
	theta = 2.7476363153034726




+=visualizer+=
  VSI time: 27100000100 ns
  Inputs:
	x = -3.58577247358985
	y = 0.020277653861053603
	theta = 2.8476363153034727




+=visualizer+=
  VSI time: 27200000100 ns
  Inputs:
	x = -3.6143272343320385
	y = 0.02892193815144912
	theta = 2.947636315303473




+=visualizer+=
  VSI time: 27300000100 ns
  Inputs:
	x = -3.6437577439929782
	y = 0.03470284526134972
	theta = 3.047636315303473




+=visualizer+=
  VSI time: 27400000100 ns
  Inputs:
	x = -3.673360850095903
	y = 0.037492458256893534
	theta = 3.147636315303473




+=visualizer+=
  VSI time: 27500000100 ns
  Inputs:
	x = -3.702751983703879
	y = 0.037314826025257535
	theta = 3.247636315303473




+=visualizer+=
  VSI time: 27600000100 ns
  Inputs:
	x = -3.731720678646998
	y = 0.034231312562385936
	theta = 3.347636315303473




+=visualizer+=
  VSI time: 27700000100 ns
  Inputs:
	x = -3.7600670542135903
	y = 0.028306641306562956
	theta = 3.4476363153034733




+=visualizer+=
  VSI time: 27800000100 ns
  Inputs:
	x = -3.7876005361550544
	y = 0.01960686755662016
	theta = 3.5476363153034733




+=visualizer+=
  VSI time: 27900000100 ns
  Inputs:
	x = -3.8141328329061475
	y = 0.008199690040528137
	theta = 3.4476363153034733




+=visualizer+=
  VSI time: 28000000100 ns
  Inputs:
	x = -3.841759603151541
	y = -0.0005295600807441094
	theta = 3.347636315303473




+=visualizer+=
  VSI time: 28100000100 ns
  Inputs:
	x = -3.8702938060608463
	y = -0.006493489098315666
	theta = 3.247636315303473




+=visualizer+=
  VSI time: 28200000100 ns
  Inputs:
	x = -3.899540383338081
	y = -0.009606581177691148
	theta = 3.147636315303473




+=visualizer+=
  VSI time: 28300000100 ns
  Inputs:
	x = -3.929293849243325
	y = -0.00978640324982177
	theta = 3.047636315303473




+=visualizer+=
  VSI time: 28400000100 ns
  Inputs:
	x = -3.9591457129932377
	y = -0.006973348877472236
	theta = 2.947636315303473




+=visualizer+=
  VSI time: 28500000100 ns
  Inputs:
	x = -3.9883920418902146
	y = -0.0012286195946009963
	theta = 2.8476363153034727




+=visualizer+=
  VSI time: 28600000100 ns
  Inputs:
	x = -4.016829358324781
	y = 0.007380111185382039
	theta = 2.7476363153034726




+=visualizer+=
  VSI time: 28700000100 ns
  Inputs:
	x = -4.044260186201266
	y = 0.0187827579167626
	theta = 2.8476363153034727




+=visualizer+=
  VSI time: 28800000100 ns
  Inputs:
	x = -4.072773111034216
	y = 0.027414377366564033
	theta = 2.947636315303473




+=visualizer+=
  VSI time: 28900000100 ns
  Inputs:
	x = -4.102174424426429
	y = 0.03318954958028334
	theta = 3.047636315303473




+=visualizer+=
  VSI time: 29000000100 ns
  Inputs:
	x = -4.131821678104828
	y = 0.03598332276934999
	theta = 3.147636315303473




+=visualizer+=
  VSI time: 29100000100 ns
  Inputs:
	x = -4.1612576577721
	y = 0.03580541950000244
	theta = 3.247636315303473




+=visualizer+=
  VSI time: 29200000100 ns
  Inputs:
	x = -4.190271325483322
	y = 0.03271711900284501
	theta = 3.347636315303473




+=visualizer+=
  VSI time: 29300000100 ns
  Inputs:
	x = -4.2186621396432615
	y = 0.026783159643996798
	theta = 3.4476363153034733




+=visualizer+=
  VSI time: 29400000100 ns
  Inputs:
	x = -4.246238791900688
	y = 0.01806974533880613
	theta = 3.5476363153034733




+=visualizer+=
  VSI time: 29500000100 ns
  Inputs:
	x = -4.272812688982739
	y = 0.00664468236166931
	theta = 3.4476363153034733




+=visualizer+=
  VSI time: 29600000100 ns
  Inputs:
	x = -4.300482774235257
	y = -0.002098254033019319
	theta = 3.347636315303473




+=visualizer+=
  VSI time: 29700000100 ns
  Inputs:
	x = -4.329061714853737
	y = -0.008071533671765578
	theta = 3.247636315303473




+=visualizer+=
  VSI time: 29800000100 ns
  Inputs:
	x = -4.358354146760345
	y = -0.011189506653345446
	theta = 3.147636315303473




+=visualizer+=
  VSI time: 29900000100 ns
  Inputs:
	x = -4.3881542620439875
	y = -0.011369610661970928
	theta = 3.047636315303473




+=visualizer+=
  VSI time: 30000000100 ns
  Inputs:
	x = -4.417959272544161
	y = -0.008560971449094928
	theta = 2.947636315303473




+=visualizer+=
  VSI time: 30100000100 ns
  Inputs:
	x = -4.447159147784214
	y = -0.0028253668561691488
	theta = 2.8476363153034727




+=visualizer+=
  VSI time: 30200000100 ns
  Inputs:
	x = -4.475551013439537
	y = 0.005769604766083529
	theta = 2.7476363153034726




+=visualizer+=
  VSI time: 30300000100 ns
  Inputs:
	x = -4.502937983414901
	y = 0.017154020325035747
	theta = 2.8476363153034727




+=visualizer+=
  VSI time: 30400000100 ns
  Inputs:
	x = -4.531405322600178
	y = 0.02577183978885224
	theta = 2.947636315303473




+=visualizer+=
  VSI time: 30500000100 ns
  Inputs:
	x = -4.5607596317754435
	y = 0.03153777916851337
	theta = 3.047636315303473




+=visualizer+=
  VSI time: 30600000100 ns
  Inputs:
	x = -4.590454987544987
	y = 0.03433608520011699
	theta = 3.147636315303473




+=visualizer+=
  VSI time: 30700000100 ns
  Inputs:
	x = -4.619939828447649
	y = 0.03415788662639641
	theta = 3.247636315303473




+=visualizer+=
  VSI time: 30800000100 ns
  Inputs:
	x = -4.649002495484353
	y = 0.0310643704962913
	theta = 3.347636315303473




+=visualizer+=
  VSI time: 30900000100 ns
  Inputs:
	x = -4.67744181460902
	y = 0.02512027312281019
	theta = 3.4476363153034733




+=visualizer+=
  VSI time: 31000000100 ns
  Inputs:
	x = -4.705065587729296
	y = 0.016391970005279644
	theta = 3.5476363153034733




+=visualizer+=
  VSI time: 31100000100 ns
  Inputs:
	x = -4.731684892003949
	y = 0.004947384861955069
	theta = 3.4476363153034733




+=visualizer+=
  VSI time: 31200000100 ns
  Inputs:
	x = -4.7594022557651385
	y = -0.0038104901565354406
	theta = 3.347636315303473




+=visualizer+=
  VSI time: 31300000100 ns
  Inputs:
	x = -4.788030027777789
	y = -0.009793976036878295
	theta = 3.247636315303473




+=visualizer+=
  VSI time: 31400000100 ns
  Inputs:
	x = -4.817372510204256
	y = -0.012917276543640593
	theta = 3.147636315303473




+=visualizer+=
  VSI time: 31500000100 ns
  Inputs:
	x = -4.847223543482965
	y = -0.01309768828715016
	theta = 3.047636315303473




+=visualizer+=
  VSI time: 31600000100 ns
  Inputs:
	x = -4.876977413461693
	y = -0.010293868239625503
	theta = 2.947636315303473




+=visualizer+=
  VSI time: 31700000100 ns
  Inputs:
	x = -4.906126584337594
	y = -0.004568223284592726
	theta = 2.8476363153034727




+=visualizer+=
  VSI time: 31800000100 ns
  Inputs:
	x = -4.934468840274028
	y = 0.004011730158467081
	theta = 2.7476363153034726




+=visualizer+=
  VSI time: 31900000100 ns
  Inputs:
	x = -4.961807939163751
	y = 0.01537624631516004
	theta = 2.8476363153034727




+=visualizer+=
  VSI time: 32000000100 ns
  Inputs:
	x = -4.990225521420676
	y = 0.023979003035570066
	theta = 2.947636315303473




+=visualizer+=
  VSI time: 32100000100 ns
  Inputs:
	x = -5.019528525293191
	y = 0.029734864737581034
	theta = 3.047636315303473




+=visualizer+=
  VSI time: 32200000100 ns
  Inputs:
	x = -5.049276384699842
	y = 0.03253811838609606
	theta = 3.147636315303473




+=visualizer+=
  VSI time: 32300000100 ns
  Inputs:
	x = -5.078814557848782
	y = 0.03235959748639613
	theta = 3.247636315303473




+=visualizer+=
  VSI time: 32400000100 ns
  Inputs:
	x = -5.1079307078576885
	y = 0.029260388470741784
	theta = 3.347636315303473




+=visualizer+=
  VSI time: 32500000100 ns
  Inputs:
	x = -5.136422970357691
	y = 0.02330522541116265
	theta = 3.4476363153034733




+=visualizer+=
  VSI time: 32600000100 ns
  Inputs:
	x = -5.1640981761002145
	y = 0.014560671091627432
	theta = 3.5476363153034733




+=visualizer+=
  VSI time: 32700000100 ns
  Inputs:
	x = -5.190767042518751
	y = 0.0030947774208633545
	theta = 3.4476363153034733




+=visualizer+=
  VSI time: 32800000100 ns
  Inputs:
	x = -5.218536010973274
	y = -0.005679403169054494
	theta = 3.347636315303473




+=visualizer+=
  VSI time: 32900000100 ns
  Inputs:
	x = -5.247217082660385
	y = -0.011674029205516485
	theta = 3.247636315303473




+=visualizer+=
  VSI time: 33000000100 ns
  Inputs:
	x = -5.27661419544219
	y = -0.014803144728678226
	theta = 3.147636315303473




+=visualizer+=
  VSI time: 33100000100 ns
  Inputs:
	x = -5.306520805929114
	y = -0.01498389236612285
	theta = 3.047636315303473




+=visualizer+=
  VSI time: 33200000100 ns
  Inputs:
	x = -5.336218855811136
	y = -0.012185332458079491
	theta = 2.947636315303473




+=visualizer+=
  VSI time: 33300000100 ns
  Inputs:
	x = -5.365312682657874
	y = -0.006470558490174346
	theta = 2.8476363153034727




+=visualizer+=
  VSI time: 33400000100 ns
  Inputs:
	x = -5.393600789375106
	y = 0.002093002546410437
	theta = 2.7476363153034726




+=visualizer+=
  VSI time: 33500000100 ns
  Inputs:
	x = -5.420887636771211
	y = 0.013435798420887112
	theta = 2.8476363153034727




+=visualizer+=
  VSI time: 33600000100 ns
  Inputs:
	x = -5.449250909129178
	y = 0.0220221140927934
	theta = 2.947636315303473




+=visualizer+=
  VSI time: 33700000100 ns
  Inputs:
	x = -5.478497913045493
	y = 0.027766975966779663
	theta = 3.047636315303473




+=visualizer+=
  VSI time: 33800000100 ns
  Inputs:
	x = -5.5083030803953905
	y = 0.030575629960200214
	theta = 3.147636315303473




+=visualizer+=
  VSI time: 33900000100 ns
  Inputs:
	x = -5.537899465918014
	y = 0.030396757240322664
	theta = 3.247636315303473




+=visualizer+=
  VSI time: 34000000100 ns
  Inputs:
	x = -5.567073992818592
	y = 0.027291334415874297
	theta = 3.347636315303473




+=visualizer+=
  VSI time: 34100000100 ns
  Inputs:
	x = -5.59562404323799
	y = 0.02132409311284672
	theta = 3.4476363153034733




+=visualizer+=
  VSI time: 34200000100 ns
  Inputs:
	x = -5.6233553879064875
	y = 0.012561800537192224
	theta = 3.5476363153034733




+=visualizer+=
  VSI time: 34300000100 ns
  Inputs:
	x = -5.650078351615906
	y = 0.0010726485180833339
	theta = 3.4476363153034733




+=visualizer+=
  VSI time: 34400000100 ns
  Inputs:
	x = -5.677903646812725
	y = -0.007719329672409916
	theta = 3.347636315303473




+=visualizer+=
  VSI time: 34500000100 ns
  Inputs:
	x = -5.7066428953212425
	y = -0.013726115236665183
	theta = 3.247636315303473




+=visualizer+=
  VSI time: 34600000100 ns
  Inputs:
	x = -5.736099637368291
	y = -0.016861577874963483
	theta = 3.147636315303473




+=visualizer+=
  VSI time: 34700000100 ns
  Inputs:
	x = -5.766066910614401
	y = -0.017042692142067082
	theta = 3.047636315303473




+=visualizer+=
  VSI time: 34800000100 ns
  Inputs:
	x = -5.795704032623417
	y = -0.014249873698643726
	theta = 2.947636315303473




+=visualizer+=
  VSI time: 34900000100 ns
  Inputs:
	x = -5.824737451226893
	y = -0.00854696545943261
	theta = 2.8476363153034727




+=visualizer+=
  VSI time: 35000000100 ns
  Inputs:
	x = -5.852966453841021
	y = -1.2968042471649815e-06
	theta = 2.7476363153034726




+=visualizer+=
  VSI time: 35100000100 ns
  Inputs:
	x = -5.88019626850957
	y = 0.011317791289794276
	theta = 2.8476363153034727




+=visualizer+=
  VSI time: 35200000100 ns
  Inputs:
	x = -5.908500261381795
	y = 0.019886161487319965
	theta = 2.947636315303473




+=visualizer+=
  VSI time: 35300000100 ns
  Inputs:
	x = -5.9376861411077
	y = 0.025619017002224968
	theta = 3.047636315303473




+=visualizer+=
  VSI time: 35400000100 ns
  Inputs:
	x = -5.967553782856365
	y = 0.02843355819525508
	theta = 3.147636315303473




+=visualizer+=
  VSI time: 35500000100 ns
  Inputs:
	x = -5.997213707432495
	y = 0.02825430146215705
	theta = 3.247636315303473




+=visualizer+=
  VSI time: 35600000100 ns
  Inputs:
	x = -6.026451952958663
	y = 0.025142096238977014
	theta = 3.347636315303473




+=visualizer+=
  VSI time: 35700000100 ns
  Inputs:
	x = -6.055065079137905
	y = 0.019161671481845683
	theta = 3.4476363153034733




+=visualizer+=
  VSI time: 35800000100 ns
  Inputs:
	x = -6.082857699891731
	y = 0.010380017458199399
	theta = 3.5476363153034733




+=visualizer+=
  VSI time: 35900000100 ns
  Inputs:
	x = -6.1096397112254595
	y = -0.0011345212335648995
	theta = 3.4476363153034733




+=visualizer+=
  VSI time: 36000000100 ns
  Inputs:
	x = -6.137526487509922
	y = -0.009945925646776241
	theta = 3.347636315303473




+=visualizer+=
  VSI time: 36100000100 ns
  Inputs:
	x = -6.166329236480846
	y = -0.015965983432147328
	theta = 3.247636315303473




+=visualizer+=
  VSI time: 36200000100 ns
  Inputs:
	x = -6.195851064344298
	y = -0.01910837399700627
	theta = 3.147636315303473




+=visualizer+=
  VSI time: 36300000100 ns
  Inputs:
	x = -6.225816481442844
	y = -0.019289477046045313
	theta = 3.047636315303473




+=visualizer+=
  VSI time: 36400000100 ns
  Inputs:
	x = -6.255387100194736
	y = -0.01650292545683893
	theta = 2.947636315303473




+=visualizer+=
  VSI time: 36500000100 ns
  Inputs:
	x = -6.284354582721083
	y = -0.010812968754704989
	theta = 2.8476363153034727




+=visualizer+=
  VSI time: 36600000100 ns
  Inputs:
	x = -6.312519072737417
	y = -0.002286829775872983
	theta = 2.7476363153034726




+=visualizer+=
  VSI time: 36700000100 ns
  Inputs:
	x = -6.339686647127526
	y = 0.00900638582497553
	theta = 2.8476363153034727




+=visualizer+=
  VSI time: 36800000100 ns
  Inputs:
	x = -6.367925947782927
	y = 0.017555171970698114
	theta = 2.947636315303473




+=visualizer+=
  VSI time: 36900000100 ns
  Inputs:
	x = -6.397045122080203
	y = 0.02327492482815438
	theta = 3.047636315303473




+=visualizer+=
  VSI time: 37000000100 ns
  Inputs:
	x = -6.4268445002603425
	y = 0.026083033286145828
	theta = 3.147636315303473




+=visualizer+=
  VSI time: 37100000100 ns
  Inputs:
	x = -6.4565737657340305
	y = 0.025903357475017628
	theta = 3.247636315303473




+=visualizer+=
  VSI time: 37200000100 ns
  Inputs:
	x = -6.485881548125334
	y = 0.022783750542501646
	theta = 3.347636315303473




+=visualizer+=
  VSI time: 37300000100 ns
  Inputs:
	x = -6.514563509602393
	y = 0.016788938531190043
	theta = 3.4476363153034733




+=visualizer+=
  VSI time: 37400000100 ns
  Inputs:
	x = -6.542423369450284
	y = 0.007986038923466752
	theta = 3.5476363153034733




+=visualizer+=
  VSI time: 37500000100 ns
  Inputs:
	x = -6.569270174493523
	y = -0.003556356887235988
	theta = 3.4476363153034733




+=visualizer+=
  VSI time: 37600000100 ns
  Inputs:
	x = -6.597224413593422
	y = -0.012389077573924346
	theta = 3.347636315303473




+=visualizer+=
  VSI time: 37700000100 ns
  Inputs:
	x = -6.626096838911167
	y = -0.018423698400988328
	theta = 3.247636315303473




+=visualizer+=
  VSI time: 37800000100 ns
  Inputs:
	x = -6.655690082695334
	y = -0.021573690687409823
	theta = 3.147636315303473




+=visualizer+=
  VSI time: 37900000100 ns
  Inputs:
	x = -6.685582846051159
	y = -0.02175435463645945
	theta = 3.047636315303473




+=visualizer+=
  VSI time: 38000000100 ns
  Inputs:
	x = -6.715080493521924
	y = -0.01897467940791015
	theta = 2.947636315303473




+=visualizer+=
  VSI time: 38100000100 ns
  Inputs:
	x = -6.743975627110922
	y = -0.013298933893116732
	theta = 2.8476363153034727




+=visualizer+=
  VSI time: 38200000100 ns
  Inputs:
	x = -6.772069330115242
	y = -0.0047942240224267425
	theta = 2.7476363153034726




+=visualizer+=
  VSI time: 38300000100 ns
  Inputs:
	x = -6.799168622638549
	y = 0.006470607673684622
	theta = 2.8476363153034727




+=visualizer+=
  VSI time: 38400000100 ns
  Inputs:
	x = -6.8273369514478945
	y = 0.014997908757092844
	theta = 2.947636315303473




+=visualizer+=
  VSI time: 38500000100 ns
  Inputs:
	x = -6.856382945193994
	y = 0.020703287076918885
	theta = 3.047636315303473




+=visualizer+=
  VSI time: 38600000100 ns
  Inputs:
	x = -6.886107433323937
	y = 0.023504338361364466
	theta = 3.147636315303473




+=visualizer+=
  VSI time: 38700000100 ns
  Inputs:
	x = -6.915912770752846
	y = 0.023324202791475304
	theta = 3.247636315303473




+=visualizer+=
  VSI time: 38800000100 ns
  Inputs:
	x = -6.945296840088355
	y = 0.02019647565126742
	theta = 3.347636315303473




+=visualizer+=
  VSI time: 38900000100 ns
  Inputs:
	x = -6.974054318839199
	y = 0.014185879787086948
	theta = 3.4476363153034733




+=visualizer+=
  VSI time: 39000000100 ns
  Inputs:
	x = -7.001987944810539
	y = 0.005359672245199218
	theta = 3.5476363153034733




+=visualizer+=
  VSI time: 39100000100 ns
  Inputs:
	x = -7.028905833214445
	y = -0.006213284829052597
	theta = 3.4476363153034733




+=visualizer+=
  VSI time: 39200000100 ns
  Inputs:
	x = -7.056934083876235
	y = -0.015069391001263368
	theta = 3.347636315303473




+=visualizer+=
  VSI time: 39300000100 ns
  Inputs:
	x = -7.085882949159041
	y = -0.021119988532747016
	theta = 3.247636315303473




+=visualizer+=
  VSI time: 39400000100 ns
  Inputs:
	x = -7.115554541345979
	y = -0.024278320454599527
	theta = 3.147636315303473




+=visualizer+=
  VSI time: 39500000100 ns
  Inputs:
	x = -7.145367598319243
	y = -0.024458502679371392
	theta = 3.047636315303473




+=visualizer+=
  VSI time: 39600000100 ns
  Inputs:
	x = -7.174785191044971
	y = -0.021686371313156483
	theta = 2.947636315303473




+=visualizer+=
  VSI time: 39700000100 ns
  Inputs:
	x = -7.203600952644827
	y = -0.016026216493245347
	theta = 2.8476363153034727




+=visualizer+=
  VSI time: 39800000100 ns
  Inputs:
	x = -7.2316169972044655
	y = -0.0075450158958226925
	theta = 2.7476363153034726




+=visualizer+=
  VSI time: 39900000100 ns
  Inputs:
	x = -7.258641379607611
	y = 0.0036886766148201237
	theta = 2.8476363153034727




+=visualizer+=
  VSI time: 40000000100 ns
  Inputs:
	x = -7.286731847196036
	y = 0.012192407039208536
	theta = 2.947636315303473




+=visualizer+=
  VSI time: 40100000100 ns
  Inputs:
	x = -7.3156975566127995
	y = 0.017882015457132874
	theta = 3.047636315303473




+=visualizer+=
  VSI time: 40200000100 ns
  Inputs:
	x = -7.345339884969998
	y = 0.020675324514497176
	theta = 3.147636315303473




+=visualizer+=
  VSI time: 40300000100 ns
  Inputs:
	x = -7.375228678806492
	y = 0.020494684556171646
	theta = 3.247636315303473




+=visualizer+=
  VSI time: 40400000100 ns
  Inputs:
	x = -7.404696440407969
	y = 0.017358048963948342
	theta = 3.347636315303473




+=visualizer+=
  VSI time: 40500000100 ns
  Inputs:
	x = -7.433536767040957
	y = 0.011330137077661555
	theta = 3.4476363153034733




+=visualizer+=
  VSI time: 40600000100 ns
  Inputs:
	x = -7.461551319756542
	y = 0.0024783590551949123
	theta = 3.5476363153034733




+=visualizer+=
  VSI time: 40700000100 ns
  Inputs:
	x = -7.488547191720921
	y = -0.009128125923783908
	theta = 3.4476363153034733




+=visualizer+=
  VSI time: 40800000100 ns
  Inputs:
	x = -7.516656638390584
	y = -0.018009887655992426
	theta = 3.347636315303473




+=visualizer+=
  VSI time: 40900000100 ns
  Inputs:
	x = -7.545689363814245
	y = -0.024078012781607584
	theta = 3.247636315303473




+=visualizer+=
  VSI time: 41000000100 ns
  Inputs:
	x = -7.5754469098355
	y = -0.02724549388349122
	theta = 3.147636315303473




+=visualizer+=
  VSI time: 41100000100 ns
  Inputs:
	x = -7.605172523172923
	y = -0.027425147622074562
	theta = 3.047636315303473




+=visualizer+=
  VSI time: 41200000100 ns
  Inputs:
	x = -7.634502290084112
	y = -0.02466129241555491
	theta = 2.947636315303473




+=visualizer+=
  VSI time: 41300000100 ns
  Inputs:
	x = -7.663230974901765
	y = -0.019018241709542787
	theta = 2.8476363153034727




+=visualizer+=
  VSI time: 41400000100 ns
  Inputs:
	x = -7.6911618225607485
	y = -0.010562832476179498
	theta = 2.7476363153034726




+=visualizer+=
  VSI time: 41500000100 ns
  Inputs:
	x = -7.7181040231729545
	y = 0.0006366981078142608
	theta = 2.8476363153034727




+=visualizer+=
  VSI time: 41600000100 ns
  Inputs:
	x = -7.746109071400598
	y = 0.009114569823556675
	theta = 2.947636315303473




+=visualizer+=
  VSI time: 41700000100 ns
  Inputs:
	x = -7.774986703132331
	y = 0.014786877524589329
	theta = 3.047636315303473




+=visualizer+=
  VSI time: 41800000100 ns
  Inputs:
	x = -7.804538896308157
	y = 0.01757169280186044
	theta = 3.147636315303473




+=visualizer+=
  VSI time: 41900000100 ns
  Inputs:
	x = -7.834519247827724
	y = 0.017390499493133912
	theta = 3.247636315303473




+=visualizer+=
  VSI time: 42000000100 ns
  Inputs:
	x = -7.864078825865889
	y = 0.014244090688165052
	theta = 3.347636315303473




+=visualizer+=
  VSI time: 42100000100 ns
  Inputs:
	x = -7.8930100425857646
	y = 0.0081971818798924
	theta = 3.4476363153034733




+=visualizer+=
  VSI time: 42200000100 ns
  Inputs:
	x = -7.921113377761753
	y = -0.0006826487993401211
	theta = 3.5476363153034733




+=visualizer+=
  VSI time: 42300000100 ns
  Inputs:
	x = -7.948194803302202
	y = -0.012325916301841842
	theta = 3.4476363153034733




+=visualizer+=
  VSI time: 42400000100 ns
  Inputs:
	x = -7.976393327833839
	y = -0.021235824029059415
	theta = 3.347636315303473




+=visualizer+=
  VSI time: 42500000100 ns
  Inputs:
	x = -8.005518053865016
	y = -0.02732317818639282
	theta = 3.247636315303473




+=visualizer+=
  VSI time: 42600000100 ns
  Inputs:
	x = -8.035329168579306
	y = -0.030496361298204273
	theta = 3.147636315303473




+=visualizer+=
  VSI time: 42700000100 ns
  Inputs:
	x = -8.064958849957412
	y = -0.030675435249418882
	theta = 3.047636315303473




+=visualizer+=
  VSI time: 42800000100 ns
  Inputs:
	x = -8.094192265631756
	y = -0.027920659585481712
	theta = 2.947636315303473




+=visualizer+=
  VSI time: 42900000100 ns
  Inputs:
	x = -8.122825420954925
	y = -0.02229637332290712
	theta = 2.8476363153034727




+=visualizer+=
  VSI time: 43000000100 ns
  Inputs:
	x = -8.150662925964813
	y = -0.013869221387949514
	theta = 2.7476363153034726




+=visualizer+=
  VSI time: 43100000100 ns
  Inputs:
	x = -8.177515087336245
	y = -0.002707118972697953
	theta = 2.8476363153034727




+=visualizer+=
  VSI time: 43200000100 ns
  Inputs:
	x = -8.205426548860032
	y = 0.0057424215627824
	theta = 2.947636315303473




+=visualizer+=
  VSI time: 43300000100 ns
  Inputs:
	x = -8.234207680655146
	y = 0.011395774200646611
	theta = 3.047636315303473




+=visualizer+=
  VSI time: 43400000100 ns
  Inputs:
	x = -8.263661119663407
	y = 0.014171283498057333
	theta = 3.147636315303473




+=visualizer+=
  VSI time: 43500000100 ns
  Inputs:
	x = -8.293579359691384
	y = 0.013990465574744952
	theta = 3.247636315303473




+=visualizer+=
  VSI time: 43600000100 ns
  Inputs:
	x = -8.32323953390004
	y = 0.010833349016229376
	theta = 3.347636315303473




+=visualizer+=
  VSI time: 43700000100 ns
  Inputs:
	x = -8.352270331860712
	y = 0.004765626749333895
	theta = 3.4476363153034733




+=visualizer+=
  VSI time: 43800000100 ns
  Inputs:
	x = -8.380470939114165
	y = -0.0041449390569675655
	theta = 3.5476363153034733




+=visualizer+=
  VSI time: 43900000100 ns
  Inputs:
	x = -8.407646072038217
	y = -0.01582849469469387
	theta = 3.4476363153034733




+=visualizer+=
  VSI time: 44000000100 ns
  Inputs:
	x = -8.435942164214946
	y = -0.024769230939692827
	theta = 3.347636315303473




+=visualizer+=
  VSI time: 44100000100 ns
  Inputs:
	x = -8.465167659372014
	y = -0.030877646835315825
	theta = 3.247636315303473




+=visualizer+=
  VSI time: 44200000100 ns
  Inputs:
	x = -8.494875488846715
	y = -0.034039835961122235
	theta = 3.147636315303473




+=visualizer+=
  VSI time: 44300000100 ns
  Inputs:
	x = -8.52440009479205
	y = -0.03421827486423484
	theta = 3.047636315303473




+=visualizer+=
  VSI time: 44400000100 ns
  Inputs:
	x = -8.553527975797778
	y = -0.03147344413249602
	theta = 2.947636315303473




+=visualizer+=
  VSI time: 44500000100 ns
  Inputs:
	x = -8.582056496518133
	y = -0.02586971079021782
	theta = 2.8476363153034727




+=visualizer+=
  VSI time: 44600000100 ns
  Inputs:
	x = -8.609792257202633
	y = -0.01747335956416943
	theta = 2.7476363153034726




+=visualizer+=
  VSI time: 44700000100 ns
  Inputs:
	x = -8.636546275078574
	y = -0.006352054153408891
	theta = 2.8476363153034727




+=visualizer+=
  VSI time: 44800000100 ns
  Inputs:
	x = -8.66435572496086
	y = 0.0020666047494765083
	theta = 2.947636315303473




+=visualizer+=
  VSI time: 44900000100 ns
  Inputs:
	x = -8.69303166670268
	y = 0.007699295362320461
	theta = 3.047636315303473




+=visualizer+=
  VSI time: 45000000100 ns
  Inputs:
	x = -8.722377458463484
	y = 0.010464660651214045
	theta = 3.147636315303473




+=visualizer+=
  VSI time: 45100000100 ns
  Inputs:
	x = -8.752186352433048
	y = 0.010284503586534592
	theta = 3.247636315303473




+=visualizer+=
  VSI time: 45200000100 ns
  Inputs:
	x = -8.781956181694284
	y = 0.007115715020302868
	theta = 3.347636315303473




+=visualizer+=
  VSI time: 45300000100 ns
  Inputs:
	x = -8.81109552838206
	y = 0.0010253050019583326
	theta = 3.4476363153034733




+=visualizer+=
  VSI time: 45400000100 ns
  Inputs:
	x = -8.83940216725479
	y = -0.00791876369003014
	theta = 3.5476363153034733




+=visualizer+=
  VSI time: 45500000100 ns
  Inputs:
	x = -8.866679439160388
	y = -0.019646232506654655
	theta = 3.4476363153034733




+=visualizer+=
  VSI time: 45600000100 ns
  Inputs:
	x = -8.895081877941225
	y = -0.02862057116332
	theta = 3.347636315303473




+=visualizer+=
  VSI time: 45700000100 ns
  Inputs:
	x = -8.924417209291708
	y = -0.03475194390351197
	theta = 3.247636315303473




+=visualizer+=
  VSI time: 45800000100 ns
  Inputs:
	x = -8.954012459995598
	y = -0.037902149812397166
	theta = 3.147636315303473




+=visualizer+=
  VSI time: 45900000100 ns
  Inputs:
	x = -8.983422535898258
	y = -0.038079896526248186
	theta = 3.047636315303473




+=visualizer+=
  VSI time: 46000000100 ns
  Inputs:
	x = -9.012435386304762
	y = -0.035345905564274194
	theta = 2.947636315303473




+=visualizer+=
  VSI time: 46100000100 ns
  Inputs:
	x = -9.040849857479335
	y = -0.029764574478623393
	theta = 2.8476363153034727




+=visualizer+=
  VSI time: 46200000100 ns
  Inputs:
	x = -9.068474718960477
	y = -0.021401795386134778
	theta = 2.7476363153034726




+=visualizer+=
  VSI time: 46300000100 ns
  Inputs:
	x = -9.095121762462927
	y = -0.01032495786368308
	theta = 2.8476363153034727




+=visualizer+=
  VSI time: 46400000100 ns
  Inputs:
	x = -9.122820021772837
	y = -0.0019399592994959018
	theta = 2.947636315303473




+=visualizer+=
  VSI time: 46500000100 ns
  Inputs:
	x = -9.151381308539387
	y = 0.003670210134837336
	theta = 3.047636315303473




+=visualizer+=
  VSI time: 46600000100 ns
  Inputs:
	x = -9.18060976703427
	y = 0.006424518664947372
	theta = 3.147636315303473




+=visualizer+=
  VSI time: 46700000100 ns
  Inputs:
	x = -9.210299476069224
	y = 0.006245081922464215
	theta = 3.247636315303473




+=visualizer+=
  VSI time: 46800000100 ns
  Inputs:
	x = -9.24007308335156
	y = 0.0030758912125064927
	theta = 3.347636315303473




+=visualizer+=
  VSI time: 46900000100 ns
  Inputs:
	x = -9.269330745899367
	y = -0.0030392479841199293
	theta = 3.4476363153034733




+=visualizer+=
  VSI time: 47000000100 ns
  Inputs:
	x = -9.297752957036828
	y = -0.012019834126282882
	theta = 3.347636315303473




+=visualizer+=
  VSI time: 47100000100 ns
  Inputs:
	x = -9.32693500734195
	y = -0.01811916962060614
	theta = 3.247636315303473




+=visualizer+=
  VSI time: 47200000100 ns
  Inputs:
	x = -9.35667472809512
	y = -0.021284753348299216
	theta = 3.147636315303473




+=visualizer+=
  VSI time: 47300000100 ns
  Inputs:
	x = -9.386583004434723
	y = -0.021465511053716472
	theta = 3.047636315303473




+=visualizer+=
  VSI time: 47400000100 ns
  Inputs:
	x = -9.416091680350801
	y = -0.01868479657292582
	theta = 2.947636315303473




+=visualizer+=
  VSI time: 47500000100 ns
  Inputs:
	x = -9.444995778499942
	y = -0.01300729018854278
	theta = 2.8476363153034727




+=visualizer+=
  VSI time: 47600000100 ns
  Inputs:
	x = -9.473097777805899
	y = -0.0045000688070557515
	theta = 2.7476363153034726




+=visualizer+=
  VSI time: 47700000100 ns
  Inputs:
	x = -9.500205071853955
	y = 0.006768089021261282
	theta = 2.8476363153034727




+=visualizer+=
  VSI time: 47800000100 ns
  Inputs:
	x = -9.528381724113105
	y = 0.015297909833937381
	theta = 2.947636315303473




+=visualizer+=
  VSI time: 47900000100 ns
  Inputs:
	x = -9.557436303115175
	y = 0.021004974518282878
	theta = 3.047636315303473




+=visualizer+=
  VSI time: 48000000100 ns
  Inputs:
	x = -9.587169576979102
	y = 0.023806853715772906
	theta = 3.147636315303473




+=visualizer+=
  VSI time: 48100000100 ns
  Inputs:
	x = -9.61696599013057
	y = 0.023626772081854326
	theta = 3.247636315303473




+=visualizer+=
  VSI time: 48200000100 ns
  Inputs:
	x = -9.646341109990214
	y = 0.020499997550294163
	theta = 3.347636315303473




+=visualizer+=
  VSI time: 48300000100 ns
  Inputs:
	x = -9.675089729556635
	y = 0.01449125334278057
	theta = 3.4476363153034733




+=visualizer+=
  VSI time: 48400000100 ns
  Inputs:
	x = -9.703014701776512
	y = 0.005667780132859188
	theta = 3.5476363153034733




+=visualizer+=
  VSI time: 48500000100 ns
  Inputs:
	x = -9.729924251152855
	y = -0.005901591697016191
	theta = 3.4476363153034733




+=visualizer+=
  VSI time: 48600000100 ns
  Inputs:
	x = -9.757943819269975
	y = -0.014754954439450917
	theta = 3.347636315303473




+=visualizer+=
  VSI time: 48700000100 ns
  Inputs:
	x = -9.78688371712399
	y = -0.020803677690130126
	theta = 3.247636315303473




+=visualizer+=
  VSI time: 48800000100 ns
  Inputs:
	x = -9.816546117996905
	y = -0.023961031261367026
	theta = 3.147636315303473




+=visualizer+=
  VSI time: 48900000100 ns
  Inputs:
	x = -9.846368525593359
	y = -0.024141269998830317
	theta = 3.047636315303473




+=visualizer+=
  VSI time: 49000000100 ns
  Inputs:
	x = -9.875795509809848
	y = -0.021368253636811923
	theta = 2.947636315303473




+=visualizer+=
  VSI time: 49100000100 ns
  Inputs:
	x = -9.904620582804078
	y = -0.015706269820170385
	theta = 2.8476363153034727




+=visualizer+=
  VSI time: 49200000100 ns
  Inputs:
	x = -9.932645737736442
	y = -0.007222311271016605
	theta = 2.7476363153034726




+=visualizer+=
  VSI time: 49300000100 ns
  Inputs:
	x = -9.95967890809714
	y = 0.00401503428195943
	theta = 2.8476363153034727




+=visualizer+=
  VSI time: 49400000100 ns
  Inputs:
	x = -9.98777850984665
	y = 0.012521529859447569
	theta = 2.947636315303473




+=visualizer+=
  VSI time: 49500000100 ns
  Inputs:
	x = -10.01675363768748
	y = 0.018212988297479072
	theta = 3.047636315303473




+=visualizer+=
  VSI time: 49600000100 ns
  Inputs:
	x = -10.0464056044833
	y = 0.021007205621480916
	theta = 3.147636315303473




+=visualizer+=
  VSI time: 49700000100 ns
  Inputs:
	x = -10.076284607768587
	y = 0.02082662483465531
	theta = 3.247636315303473




+=visualizer+=
  VSI time: 49800000100 ns
  Inputs:
	x = -10.105742551149518
	y = 0.017691034322829778
	theta = 3.347636315303473




+=visualizer+=
  VSI time: 49900000100 ns
  Inputs:
	x = -10.13457315861946
	y = 0.01166515383719929
	theta = 3.4476363153034733




+=visualizer+=
  VSI time: 50000000100 ns
  Inputs:
	x = -10.162578217547132
	y = 0.0028163755736097668
	theta = 3.5476363153034733




+=visualizer+=
  VSI time: 50100000100 ns
  Inputs:
	x = -10.189564940998363
	y = -0.008786176134364401
	theta = 3.4476363153034733




+=visualizer+=
  VSI time: 50200000100 ns
  Inputs:
	x = -10.217664862291892
	y = -0.017664928126743695
	theta = 3.347636315303473




+=visualizer+=
  VSI time: 50300000100 ns
  Inputs:
	x = -10.24668774980104
	y = -0.023730997031478362
	theta = 3.247636315303473




+=visualizer+=
  VSI time: 50400000100 ns
  Inputs:
	x = -10.276435212289577
	y = -0.026897404812352952
	theta = 3.147636315303473




+=visualizer+=
  VSI time: 50500000100 ns
  Inputs:
	x = -10.306171083933334
	y = -0.027077120549424377
	theta = 3.047636315303473




+=visualizer+=
  VSI time: 50600000100 ns
  Inputs:
	x = -10.335511153985522
	y = -0.024312294438840656
	theta = 2.947636315303473




+=visualizer+=
  VSI time: 50700000100 ns
  Inputs:
	x = -10.364250054072677
	y = -0.018667237191835082
	theta = 2.8476363153034727




+=visualizer+=
  VSI time: 50800000100 ns
  Inputs:
	x = -10.39219089646595
	y = -0.010208802287012418
	theta = 2.7476363153034726




+=visualizer+=
  VSI time: 50900000100 ns
  Inputs:
	x = -10.419142738099808
	y = 0.000994735947225097
	theta = 2.8476363153034727




+=visualizer+=
  VSI time: 51000000100 ns
  Inputs:
	x = -10.447157807159286
	y = 0.009475641234846318
	theta = 2.947636315303473




+=visualizer+=
  VSI time: 51100000100 ns
  Inputs:
	x = -10.47604577157979
	y = 0.015149978541029185
	theta = 3.047636315303473




+=visualizer+=
  VSI time: 51200000100 ns
  Inputs:
	x = -10.505608538816185
	y = 0.017935790252143462
	theta = 3.147636315303473




+=visualizer+=
  VSI time: 51300000100 ns
  Inputs:
	x = -10.535578149396734
	y = 0.017754661858809213
	theta = 3.247636315303473




+=visualizer+=
  VSI time: 51400000100 ns
  Inputs:
	x = -10.565126956140626
	y = 0.014609399582221037
	theta = 3.347636315303473




+=visualizer+=
  VSI time: 51500000100 ns
  Inputs:
	x = -10.594047510239431
	y = 0.008564719366609724
	theta = 3.4476363153034733




+=visualizer+=
  VSI time: 51600000100 ns
  Inputs:
	x = -10.622140430047084
	y = -0.00031182036132837085
	theta = 3.5476363153034733




+=visualizer+=
  VSI time: 51700000100 ns
  Inputs:
	x = -10.649211819010453
	y = -0.011950772782573789
	theta = 3.4476363153034733




+=visualizer+=
  VSI time: 51800000100 ns
  Inputs:
	x = -10.677399893519206
	y = -0.020857378608674437
	theta = 3.347636315303473




+=visualizer+=
  VSI time: 51900000100 ns
  Inputs:
	x = -10.706513826650411
	y = -0.026942476943774964
	theta = 3.247636315303473




+=visualizer+=
  VSI time: 52000000100 ns
  Inputs:
	x = -10.736336003725514
	y = -0.03011683756594933
	theta = 3.147636315303473




+=visualizer+=
  VSI time: 52100000100 ns
  Inputs:
	x = -10.765976939203663
	y = -0.030295979533965612
	theta = 3.047636315303473




+=visualizer+=
  VSI time: 52200000100 ns
  Inputs:
	x = -10.795221658164904
	y = -0.027540138718422164
	theta = 2.947636315303473




+=visualizer+=
  VSI time: 52300000100 ns
  Inputs:
	x = -10.823866020373615
	y = -0.021913651136024805
	theta = 2.8476363153034727




+=visualizer+=
  VSI time: 52400000100 ns
  Inputs:
	x = -10.851714422705985
	y = -0.013483200292195728
	theta = 2.7476363153034726




+=visualizer+=
  VSI time: 52500000100 ns
  Inputs:
	x = -10.878577095733137
	y = -0.002316728315177175
	theta = 2.8476363153034727




+=visualizer+=
  VSI time: 52600000100 ns
  Inputs:
	x = -10.90649948321029
	y = 0.006136119796503126
	theta = 2.947636315303473




+=visualizer+=
  VSI time: 52700000100 ns
  Inputs:
	x = -10.935291881382454
	y = 0.01179168543984849
	theta = 3.047636315303473




+=visualizer+=
  VSI time: 52800000100 ns
  Inputs:
	x = -10.964756849945463
	y = 0.014568281210943532
	theta = 3.147636315303473




+=visualizer+=
  VSI time: 52900000100 ns
  Inputs:
	x = -10.994686801479274
	y = 0.014387392506389938
	theta = 3.247636315303473




+=visualizer+=
  VSI time: 53000000100 ns
  Inputs:
	x = -11.024335231087283
	y = 0.011231526077860488
	theta = 3.347636315303473




+=visualizer+=
  VSI time: 53100000100 ns
  Inputs:
	x = -11.053354402940261
	y = 0.0051662337818058415
	theta = 3.4476363153034733




+=visualizer+=
  VSI time: 53200000100 ns
  Inputs:
	x = -11.081543653680766
	y = -0.0037407436990731496
	theta = 3.5476363153034733




+=visualizer+=
  VSI time: 53300000100 ns
  Inputs:
	x = -11.108707847012703
	y = -0.01541959601727964
	theta = 3.4476363153034733




+=visualizer+=
  VSI time: 53400000100 ns
  Inputs:
	x = -11.136992548940047
	y = -0.02435673327712952
	theta = 3.347636315303473




+=visualizer+=
  VSI time: 53500000100 ns
  Inputs:
	x = -11.166206280095386
	y = -0.0304626903807023
	theta = 3.247636315303473




+=visualizer+=
  VSI time: 53600000100 ns
  Inputs:
	x = -11.195926167315474
	y = -0.03362616296854608
	theta = 3.147636315303473




+=visualizer+=
  VSI time: 53700000100 ns
  Inputs:
	x = -11.2254630399971
	y = -0.03380467600856581
	theta = 3.047636315303473




+=visualizer+=
  VSI time: 53800000100 ns
  Inputs:
	x = -11.254603241351214
	y = -0.03105868428365809
	theta = 2.947636315303473




+=visualizer+=
  VSI time: 53900000100 ns
  Inputs:
	x = -11.28314397734426
	y = -0.025452551548452138
	theta = 2.8476363153034727




+=visualizer+=
  VSI time: 54000000100 ns
  Inputs:
	x = -11.310891615884131
	y = -0.017052604580190242
	theta = 2.7476363153034726




+=visualizer+=
  VSI time: 54100000100 ns
  Inputs:
	x = -11.337657091246676
	y = -0.005926536437777486
	theta = 2.8476363153034727




+=visualizer+=
  VSI time: 54200000100 ns
  Inputs:
	x = -11.365478450191404
	y = 0.0024957276545297478
	theta = 2.947636315303473




+=visualizer+=
  VSI time: 54300000100 ns
  Inputs:
	x = -11.394166672050419
	y = 0.008130830397425688
	theta = 3.047636315303473




+=visualizer+=
  VSI time: 54400000100 ns
  Inputs:
	x = -11.423525030786646
	y = 0.010897379920089574
	theta = 3.147636315303473




+=visualizer+=
  VSI time: 54500000100 ns
  Inputs:
	x = -11.453346690054543
	y = 0.010717145705325991
	theta = 3.247636315303473




+=visualizer+=
  VSI time: 54600000100 ns
  Inputs:
	x = -11.48310371794479
	y = 0.0075497197548374745
	theta = 3.347636315303473




+=visualizer+=
  VSI time: 54700000100 ns
  Inputs:
	x = -11.512230392416436
	y = 0.001461958354284692
	theta = 3.4476363153034733




+=visualizer+=
  VSI time: 54800000100 ns
  Inputs:
	x = -11.540524652925715
	y = -0.00747819913745527
	theta = 3.5476363153034733




+=visualizer+=
  VSI time: 54900000100 ns
  Inputs:
	x = -11.567790000902917
	y = -0.019200541433402607
	theta = 3.4476363153034733




+=visualizer+=
  VSI time: 55000000100 ns
  Inputs:
	x = -11.596180024548284
	y = -0.028170957270938643
	theta = 3.347636315303473




+=visualizer+=
  VSI time: 55100000100 ns
  Inputs:
	x = -11.625502533380999
	y = -0.03429964997881871
	theta = 3.247636315303473




+=visualizer+=
  VSI time: 55200000100 ns
  Inputs:
	x = -11.655110926777148
	y = -0.03745125483469128
	theta = 3.147636315303473




+=visualizer+=
  VSI time: 55300000100 ns
  Inputs:
	x = -11.684534373167818
	y = -0.03762908235623263
	theta = 3.047636315303473




+=visualizer+=
  VSI time: 55400000100 ns
  Inputs:
	x = -11.7135606524984
	y = -0.03489382593579652
	theta = 2.947636315303473




+=visualizer+=
  VSI time: 55500000100 ns
  Inputs:
	x = -11.741988438066722
	y = -0.0293098795616447
	theta = 2.8476363153034727




+=visualizer+=
  VSI time: 55600000100 ns
  Inputs:
	x = -11.76962624616374
	y = -0.020943181184759255
	theta = 2.7476363153034726




+=visualizer+=
  VSI time: 55700000100 ns
  Inputs:
	x = -11.796285778088832
	y = -0.009861152383638938
	theta = 2.8476363153034727




+=visualizer+=
  VSI time: 55800000100 ns
  Inputs:
	x = -11.823997018029676
	y = -0.0014722242377938864
	theta = 2.947636315303473




+=visualizer+=
  VSI time: 55900000100 ns
  Inputs:
	x = -11.85257168986914
	y = 0.0041405743682414765
	theta = 3.047636315303473




+=visualizer+=
  VSI time: 56000000100 ns
  Inputs:
	x = -11.881813846106455
	y = 0.006896173688586895
	theta = 3.147636315303473




+=visualizer+=
  VSI time: 56100000100 ns
  Inputs:
	x = -11.911517469051699
	y = 0.006716652854112992
	theta = 3.247636315303473




+=visualizer+=
  VSI time: 56200000100 ns
  Inputs:
	x = -11.941305029562768
	y = 0.0035459769212710566
	theta = 3.347636315303473




+=visualizer+=
  VSI time: 56300000100 ns
  Inputs:
	x = -11.970548879657956
	y = -0.002566275336924297
	theta = 3.4476363153034733




+=visualizer+=
  VSI time: 56400000100 ns
  Inputs:
	x = -11.998957598636121
	y = -0.011542598351978389
	theta = 3.347636315303473




+=visualizer+=
  VSI time: 56500000100 ns
  Inputs:
	x = -12.028125801053399
	y = -0.017639039501560125
	theta = 3.247636315303473




+=visualizer+=
  VSI time: 56600000100 ns
  Inputs:
	x = -12.057851498454555
	y = -0.020803130542240048
	theta = 3.147636315303473




+=visualizer+=
  VSI time: 56700000100 ns
  Inputs:
	x = -12.087773963714438
	y = -0.020983974001735645
	theta = 3.047636315303473




+=visualizer+=
  VSI time: 56800000100 ns
  Inputs:
	x = -12.117296893556139
	y = -0.018201916319457556
	theta = 2.947636315303473




+=visualizer+=
  VSI time: 56900000100 ns
  Inputs:
	x = -12.146215125526469
	y = -0.012521633690002934
	theta = 2.8476363153034727




+=visualizer+=
  VSI time: 57000000100 ns
  Inputs:
	x = -12.174330953741098
	y = -0.00401022593066235
	theta = 2.7476363153034726




+=visualizer+=
  VSI time: 57100000100 ns
  Inputs:
	x = -12.201451587294926
	y = 0.007263476960770185
	theta = 2.8476363153034727




+=visualizer+=
  VSI time: 57200000100 ns
  Inputs:
	x = -12.229642104568025
	y = 0.01579749508132624
	theta = 2.947636315303473




+=visualizer+=
  VSI time: 57300000100 ns
  Inputs:
	x = -12.258710980073975
	y = 0.021507367965797212
	theta = 3.047636315303473




+=visualizer+=
  VSI time: 57400000100 ns
  Inputs:
	x = -12.28845888440842
	y = 0.024310625848028847
	theta = 3.147636315303473




+=visualizer+=
  VSI time: 57500000100 ns
  Inputs:
	x = -12.318240436193118
	y = 0.02413063403227719
	theta = 3.247636315303473




+=visualizer+=
  VSI time: 57600000100 ns
  Inputs:
	x = -12.347600652685877
	y = 0.021005445859112605
	theta = 3.347636315303473




+=visualizer+=
  VSI time: 57700000100 ns
  Inputs:
	x = -12.376334519247717
	y = 0.01499978517463955
	theta = 3.4476363153034733




+=visualizer+=
  VSI time: 57800000100 ns
  Inputs:
	x = -12.404245080566582
	y = 0.006180865387296255
	theta = 3.5476363153034733




+=visualizer+=
  VSI time: 57900000100 ns
  Inputs:
	x = -12.431140743144674
	y = -0.005382536014377401
	theta = 3.4476363153034733




+=visualizer+=
  VSI time: 58000000100 ns
  Inputs:
	x = -12.459145852412092
	y = -0.014231330183852118
	theta = 3.347636315303473




+=visualizer+=
  VSI time: 58100000100 ns
  Inputs:
	x = -12.48807081700517
	y = -0.020276932236139626
	theta = 3.247636315303473




+=visualizer+=
  VSI time: 58200000100 ns
  Inputs:
	x = -12.517717911786022
	y = -0.02343265658172329
	theta = 3.147636315303473




+=visualizer+=
  VSI time: 58300000100 ns
  Inputs:
	x = -12.547555890768571
	y = -0.023612989428522368
	theta = 3.047636315303473




+=visualizer+=
  VSI time: 58400000100 ns
  Inputs:
	x = -12.576998514427018
	y = -0.02083849930255574
	theta = 2.947636315303473




+=visualizer+=
  VSI time: 58500000100 ns
  Inputs:
	x = -12.605839093480467
	y = -0.015173469698090015
	theta = 2.8476363153034727




+=visualizer+=
  VSI time: 58600000100 ns
  Inputs:
	x = -12.63387941971514
	y = -0.006684918392884381
	theta = 2.7476363153034726




+=visualizer+=
  VSI time: 58700000100 ns
  Inputs:
	x = -12.660927224467288
	y = 0.0045585104907367256
	theta = 2.8476363153034727




+=visualizer+=
  VSI time: 58800000100 ns
  Inputs:
	x = -12.689042037133339
	y = 0.013069610816556654
	theta = 2.947636315303473




+=visualizer+=
  VSI time: 58900000100 ns
  Inputs:
	x = -12.718032849267562
	y = 0.018764150052176947
	theta = 3.047636315303473




+=visualizer+=
  VSI time: 59000000100 ns
  Inputs:
	x = -12.74770086674216
	y = 0.021559879892532573
	theta = 3.147636315303473




+=visualizer+=
  VSI time: 59100000100 ns
  Inputs:
	x = -12.777563566038946
	y = 0.02137939764269776
	theta = 3.247636315303473




+=visualizer+=
  VSI time: 59200000100 ns
  Inputs:
	x = -12.80700515935424
	y = 0.018245547480156585
	theta = 3.347636315303473




+=visualizer+=
  VSI time: 59300000100 ns
  Inputs:
	x = -12.835819581716809
	y = 0.012223049841133836
	theta = 3.4476363153034733




+=visualizer+=
  VSI time: 59400000100 ns
  Inputs:
	x = -12.863808830849335
	y = 0.003379267009691116
	theta = 3.5476363153034733




+=visualizer+=
  VSI time: 59500000100 ns
  Inputs:
	x = -12.890780319483852
	y = -0.008216734709026051
	theta = 3.4476363153034733




+=visualizer+=
  VSI time: 59600000100 ns
  Inputs:
	x = -12.918864378379073
	y = -0.01709047464819964
	theta = 3.347636315303473




+=visualizer+=
  VSI time: 59700000100 ns
  Inputs:
	x = -12.947870883026658
	y = -0.02315311937375588
	theta = 3.247636315303473




+=visualizer+=
  VSI time: 59800000100 ns
  Inputs:
	x = -12.977601553631063
	y = -0.026317739776880438
	theta = 3.147636315303473




+=visualizer+=
  VSI time: 59900000100 ns
  Inputs:
	x = -13.00735450820559
	y = -0.02649755875866356
	theta = 3.047636315303473



Plot saved!
Max error (overshoot):     0.7325 m
Settling time:             23.4 s
Final error (steady state):0.0155 m
+=+ XLVIP-INFO: XlTlmMessageLayer::disconnectFromServer():
+=+    Disconnecting this remote client from TLM fabric server:
+=+        clientId=:remoteSession2
Killed
make[1]: *** [Makefile.client2:31: sim] Error 137
make[1]: Leaving directory '/home/ubuntu/IVSI-LineFollower-DigitalTwin/lineFollower'
